2025-10-19 23:53:36 MSK | INFO     | User:0          | system_config        | Загружены Bybit API ключи: PRIMARY, SECONDARY, TERTIARY
2025-10-19 23:53:36 MSK | INFO     | User:0          | system_config        | Конфигурация системы успешно загружена и валидирована.
2025-10-19 23:53:36 MSK | INFO     | User:0          | main                 | === ЗАПУСК FUTURES TRADING BOT v2.2 ===
2025-10-19 23:53:36 MSK | INFO     | User:0          | database             | Инициализация DatabaseManager...
2025-10-19 23:53:36 MSK | INFO     | User:0          | database             | Ключ шифрования успешно настроен.
2025-10-19 23:53:37 MSK | INFO     | User:0          | database             | Пул соединений с PostgreSQL успешно создан (попытка 1).
2025-10-19 23:53:37 MSK | INFO     | User:0          | database             | Система шифрования настроена
2025-10-19 23:53:37 MSK | INFO     | User:0          | database             | Все таблицы созданы успешно
2025-10-19 23:53:37 MSK | INFO     | User:0          | database             | Запуск миграций базы данных...
2025-10-19 23:53:37 MSK | INFO     | User:0          | database             | PostgreSQL timezone установлен на Europe/Moscow (МСК)
2025-10-19 23:53:37 MSK | WARNING  | User:0          | database             | Колонка 'bot_priority' отсутствует в таблице 'orders'. Добавляю...
2025-10-19 23:53:37 MSK | INFO     | User:0          | database             | Колонка 'bot_priority' успешно добавлена в orders (для Multi-Account режима).
2025-10-19 23:53:38 MSK | INFO     | User:0          | database             | Индекс 'idx_orders_bot_priority' успешно добавлен.
2025-10-19 23:53:38 MSK | WARNING  | User:0          | database             | UNIQUE constraint (user_id, order_id) отсутствует. Добавляю...
2025-10-19 23:53:38 MSK | INFO     | User:0          | database             | ✅ UNIQUE constraint 'unique_user_order_id' успешно добавлен для многопользовательской безопасности.
2025-10-19 23:53:38 MSK | INFO     | User:0          | database             | Миграции базы данных завершены.
2025-10-19 23:53:38 MSK | INFO     | User:0          | database             | Индексы созданы успешно
2025-10-19 23:53:38 MSK | INFO     | User:0          | cache.redis_manager  | Redis подключен успешно
2025-10-19 23:53:38 MSK | INFO     | User:0          | bot                  | Инициализация Telegram бота...
2025-10-19 23:53:38 MSK | INFO     | User:0          | bot                  | Redis storage настроен
2025-10-19 23:53:38 MSK | INFO     | User:0          | bot                  | Бот инициализирован: @Futures_Tbot (Futures Trading)
2025-10-19 23:53:38 MSK | INFO     | User:0          | bot                  | EventBus middleware зарегистрирован.
2025-10-19 23:53:38 MSK | INFO     | User:0          | bot                  | Middleware настроены
2025-10-19 23:53:38 MSK | INFO     | User:0          | bot                  | Обработчики команд зарегистрированы
2025-10-19 23:53:38 MSK | INFO     | User:0          | bot                  | Диспетчер настроен
2025-10-19 23:53:38 MSK | INFO     | User:0          | bot                  | Настроено 10 команд бота
2025-10-19 23:53:38 MSK | INFO     | User:0          | bot                  | Telegram бот успешно инициализирован
2025-10-19 23:53:38 MSK | INFO     | User:0          | __main__             | Сохранение PRIMARY API ключей для администратора 1143354705...
2025-10-19 23:53:38 MSK | INFO     | User:1143354705 | database             | API ключи для биржи bybit (приоритет 1) сохранены
2025-10-19 23:53:38 MSK | INFO     | User:0          | __main__             | ✅ PRIMARY API ключи для администратора 1143354705 успешно сохранены.
2025-10-19 23:53:38 MSK | INFO     | User:0          | __main__             | Сохранение SECONDARY API ключей для администратора 1143354705...
2025-10-19 23:53:38 MSK | INFO     | User:1143354705 | database             | API ключи для биржи bybit (приоритет 2) сохранены
2025-10-19 23:53:38 MSK | INFO     | User:0          | __main__             | ✅ SECONDARY API ключи для администратора 1143354705 успешно сохранены.
2025-10-19 23:53:38 MSK | INFO     | User:0          | __main__             | Сохранение TERTIARY API ключей для администратора 1143354705...
2025-10-19 23:53:38 MSK | INFO     | User:1143354705 | database             | API ключи для биржи bybit (приоритет 3) сохранены
2025-10-19 23:53:38 MSK | INFO     | User:0          | __main__             | ✅ TERTIARY API ключи для администратора 1143354705 успешно сохранены.
2025-10-19 23:53:38 MSK | INFO     | User:0          | __main__             | 🔑 Итого для администратора 1143354705: сохранено 3/3 наборов API ключей
2025-10-19 23:53:38 MSK | INFO     | User:0          | __main__             | Шаблоны конфигураций по умолчанию сохранены в Redis.
2025-10-19 23:53:38 MSK | INFO     | User:0          | bot                  | BotApplication установлен для обработчиков
2025-10-19 23:53:38 MSK | INFO     | User:0          | core.bot_application | Запуск BotApplication...
2025-10-19 23:53:38 MSK | INFO     | User:0          | EventBus             | Новая подписка: _handle_session_start на user_session_started (User: Global)
2025-10-19 23:53:38 MSK | INFO     | User:0          | EventBus             | Новая подписка: _handle_session_stop на user_session_stopped (User: Global)
2025-10-19 23:53:38 MSK | INFO     | User:0          | EventBus             | Новая подписка: _handle_settings_changed на user_settings_changed (User: Global)
2025-10-19 23:53:38 MSK | INFO     | User:0          | EventBus             | Новая подписка: _handle_risk_limit на risk_limit_exceeded (User: Global)
2025-10-19 23:53:38 MSK | INFO     | User:0          | EventBus             | Новая подписка: _handle_session_start_request на user_session_start_requested (User: Global)
2025-10-19 23:53:38 MSK | INFO     | User:0          | EventBus             | Новая подписка: _handle_session_stop_request на user_session_stop_requested (User: Global)
2025-10-19 23:53:38 MSK | INFO     | User:0          | websocket.websocket_manager | WebSocket Manager использует Public URL: wss://stream.bybit.com/v5/public/linear
2025-10-19 23:53:38 MSK | INFO     | User:0          | websocket.websocket_manager | WebSocket Manager использует Private URL Template: wss://stream-demo.bybit.com/v5/private
2025-10-19 23:53:38 MSK | INFO     | User:0          | websocket.websocket_manager | Запуск GlobalWebSocketManager...
2025-10-19 23:53:38 MSK | INFO     | User:0          | websocket.websocket_manager | GlobalWebSocketManager запущен
2025-10-19 23:53:38 MSK | INFO     | User:0          | core.bot_application | Глобальные компоненты инициализированы
2025-10-19 23:53:38 MSK | INFO     | User:0          | websocket.websocket_manager | Подключение к публичному WebSocket: wss://stream.bybit.com/v5/public/linear
2025-10-19 23:53:38 MSK | INFO     | User:1143354705 | core.bot_application | Автотрейдинг для пользователя не включен, сессия не будет восстановлена.
2025-10-19 23:53:38 MSK | INFO     | User:5822609636 | core.bot_application | Автотрейдинг для пользователя не включен, сессия не будет восстановлена.
2025-10-19 23:53:38 MSK | INFO     | User:0          | core.bot_application | Восстановлено 0 пользовательских сессий
2025-10-19 23:53:38 MSK | INFO     | User:0          | core.bot_application | Фоновая задача очистки блокировок ConcurrencyManager запущена
2025-10-19 23:53:38 MSK | INFO     | User:0          | core.bot_application | BotApplication запущен. Активных сессий: 0
2025-10-19 23:53:38 MSK | INFO     | User:0          | main                 | === БОТ УСПЕШНО ЗАПУЩЕН И ГОТОВ К РАБОТЕ ===
2025-10-19 23:53:38 MSK | INFO     | User:0          | bot                  | Запуск бота в режиме polling...
2025-10-19 23:53:38 MSK | INFO     | User:0          | bot                  | Очистка старых webhook и pending updates...
2025-10-19 23:53:38 MSK | INFO     | User:0          | bot                  | Webhook удален и pending updates очищены
2025-10-19 23:53:39 MSK | INFO     | User:0          | websocket.websocket_manager | Подключен к публичному WebSocket
2025-10-19 23:53:39 MSK | INFO     | User:0          | bot                  | Запуск polling с защитой от старых команд...
2025-10-19 23:53:56 MSK | INFO     | User:1143354705 | bot                  | Получено сообщение: /settings...
2025-10-19 23:53:56 MSK | INFO     | User:1143354705 | basic_handlers       | Команда 'settings' выполнена
2025-10-19 23:53:58 MSK | INFO     | User:1143354705 | bot                  | Получен callback: reset_settings
2025-10-19 23:53:59 MSK | INFO     | User:1143354705 | bot                  | Получен callback: confirm_do_reset_settings
2025-10-19 23:53:59 MSK | WARNING  | User:1143354705 | callback             | Пользователь сбросил все настройки к значениям по умолчанию.
2025-10-19 23:54:00 MSK | INFO     | User:1143354705 | bot                  | Получен callback: settings
2025-10-19 23:54:01 MSK | INFO     | User:1143354705 | bot                  | Получен callback: strategy_settings
2025-10-19 23:54:02 MSK | INFO     | User:1143354705 | bot                  | Получен callback: configure_strategy_signal_scalper
2025-10-19 23:54:03 MSK | INFO     | User:1143354705 | bot                  | Получен callback: set_param_signal_scalper_leverage
2025-10-19 23:54:17 MSK | INFO     | User:1143354705 | bot                  | Получено сообщение: 2...
2025-10-19 23:54:17 MSK | INFO     | User:1143354705 | callback             | Обновлен параметр leverage=2.0 для стратегии signal_scalper
2025-10-19 23:54:21 MSK | INFO     | User:1143354705 | bot                  | Получен callback: set_param_signal_scalper_leverage
2025-10-19 23:54:23 MSK | INFO     | User:1143354705 | bot                  | Получено сообщение: 3...
2025-10-19 23:54:23 MSK | INFO     | User:1143354705 | callback             | Обновлен параметр leverage=3.0 для стратегии signal_scalper
2025-10-19 23:54:24 MSK | INFO     | User:1143354705 | bot                  | Получен callback: set_param_signal_scalper_order_amount
2025-10-19 23:54:31 MSK | INFO     | User:1143354705 | bot                  | Получено сообщение: 500...
2025-10-19 23:54:31 MSK | INFO     | User:1143354705 | callback             | Обновлен параметр order_amount=500.0 для стратегии signal_scalper
2025-10-19 23:54:39 MSK | INFO     | User:1143354705 | bot                  | Получен callback: strategy_settings
2025-10-19 23:54:40 MSK | INFO     | User:1143354705 | bot                  | Получен callback: settings
2025-10-19 23:54:41 MSK | INFO     | User:1143354705 | bot                  | Получен callback: select_trading_pairs
2025-10-19 23:54:43 MSK | INFO     | User:1143354705 | bot                  | Получен callback: toggle_symbol_SOLUSDT
2025-10-19 23:54:43 MSK | INFO     | User:1143354705 | callback             | 🔄 Публикую событие изменения символов: SOLUSDT, новый список: ['BTCUSDT', 'SOLUSDT']
2025-10-19 23:54:43 MSK | INFO     | User:1143354705 | core.bot_application | Настройки изменены: ['watchlist_symbols']
2025-10-19 23:54:44 MSK | INFO     | User:1143354705 | bot                  | Получен callback: toggle_symbol_BTCUSDT
2025-10-19 23:54:44 MSK | INFO     | User:1143354705 | callback             | 🔄 Публикую событие изменения символов: BTCUSDT, новый список: ['SOLUSDT']
2025-10-19 23:54:44 MSK | INFO     | User:1143354705 | core.bot_application | Настройки изменены: ['watchlist_symbols']
2025-10-19 23:54:45 MSK | INFO     | User:1143354705 | bot                  | Получен callback: save_symbol_selection
2025-10-19 23:54:45 MSK | INFO     | User:1143354705 | core.bot_application | Настройки изменены: ['watchlist_symbols']
2025-10-19 23:54:48 MSK | INFO     | User:1143354705 | bot                  | Получен callback: main_menu
2025-10-19 23:54:48 MSK | INFO     | User:1143354705 | callback             | Пользователь вернулся в главное меню
2025-10-19 23:54:55 MSK | INFO     | User:1143354705 | bot                  | Получено сообщение: /autotrade_start...
2025-10-19 23:54:55 MSK | INFO     | User:1143354705 | basic_handlers       | Команда 'autotrade_start' выполнена
2025-10-19 23:54:55 MSK | INFO     | User:1143354705 | database             | Загружено 3 API ключей для bybit
2025-10-19 23:54:55 MSK | WARNING  | User:1143354705 | basic_handlers       | ⚠️ Обнаружены stale данные в Redis при запуске: running=True. Очищаю...
2025-10-19 23:54:55 MSK | INFO     | User:1143354705 | cache.redis_manager  | Пользовательская сессия удалена
2025-10-19 23:54:55 MSK | INFO     | User:1143354705 | basic_handlers       | 🔍 ДИАГНОСТИКА: basic_handler.event_bus = <core.events.EventBus object at 0x7ff92d199600>
2025-10-19 23:54:55 MSK | INFO     | User:1143354705 | basic_handlers       | 🔍 ДИАГНОСТИКА: event_bus.is_running = True
2025-10-19 23:54:55 MSK | INFO     | User:1143354705 | basic_handlers       | 📤 Публикую UserSessionStartRequestedEvent в EventBus...
2025-10-19 23:54:55 MSK | INFO     | User:1143354705 | basic_handlers       | 📤 Событие создано: UserSessionStartRequestedEvent(user_id=1143354705, timestamp=datetime.datetime(2025, 10, 19, 23, 54, 55, 145011), event_type=<EventType.USER_SESSION_START_REQUESTED: 'user_session_start_requested'>)
2025-10-19 23:54:55 MSK | INFO     | User:1143354705 | basic_handlers       | ✅ Событие UserSessionStartRequestedEvent успешно опубликовано
2025-10-19 23:54:55 MSK | INFO     | User:1143354705 | core.bot_application | 🎯 [SESSION_START_HANDLER] Получен запрос на запуск авто-торговли...
2025-10-19 23:54:55 MSK | INFO     | User:1143354705 | core.bot_application | 🎯 [SESSION_START_HANDLER] Событие: UserSessionStartRequestedEvent(user_id=1143354705, timestamp=datetime.datetime(2025, 10, 19, 23, 54, 55, 145011), event_type=<EventType.USER_SESSION_START_REQUESTED: 'user_session_start_requested'>)
2025-10-19 23:54:55 MSK | WARNING  | User:1143354705 | core.bot_application | Активная сессия не найдена, создается новая для старта торговли.
2025-10-19 23:54:55 MSK | INFO     | User:1143354705 | core.user_session    | Запуск пользовательской сессии...
2025-10-19 23:54:55 MSK | INFO     | User:1143354705 | database             | Загружено 3 API ключей для bybit
2025-10-19 23:54:55 MSK | INFO     | User:1143354705 | core.user_session    | 🔀 Обнаружено 3 API ключа - активирую Multi-Account Coordinator режим
2025-10-19 23:54:55 MSK | INFO     | User:1143354705 | bybit_api            | BybitAPI инициализирован с ключом: odhv...MiD7
2025-10-19 23:54:55 MSK | INFO     | User:1143354705 | bybit_api            | BybitAPI использует базовый URL: https://api-demo.bybit.com
2025-10-19 23:54:55 MSK | INFO     | User:1143354705 | core.user_session    | ✅ API клиент #1 инициализирован | Ключ: odhv...MiD7
2025-10-19 23:54:55 MSK | INFO     | User:1143354705 | bybit_api            | BybitAPI инициализирован с ключом: p99i...PbKm
2025-10-19 23:54:55 MSK | INFO     | User:1143354705 | bybit_api            | BybitAPI использует базовый URL: https://api-demo.bybit.com
2025-10-19 23:54:55 MSK | INFO     | User:1143354705 | core.user_session    | ✅ API клиент #2 инициализирован | Ключ: p99i...PbKm
2025-10-19 23:54:55 MSK | INFO     | User:1143354705 | bybit_api            | BybitAPI инициализирован с ключом: rsHW...H7TL
2025-10-19 23:54:55 MSK | INFO     | User:1143354705 | bybit_api            | BybitAPI использует базовый URL: https://api-demo.bybit.com
2025-10-19 23:54:55 MSK | INFO     | User:1143354705 | core.user_session    | ✅ API клиент #3 инициализирован | Ключ: rsHW...H7TL
2025-10-19 23:54:55 MSK | INFO     | User:1143354705 | core.user_session    | 📌 PRIMARY API клиент установлен для компонентов
2025-10-19 23:54:55 MSK | INFO     | User:1143354705 | market_analyzer      | MarketAnalyzer инициализирован для пользователя 1143354705
2025-10-19 23:54:55 MSK | INFO     | User:1143354705 | core.user_session    | Компоненты сессии инициализированы
2025-10-19 23:54:55 MSK | INFO     | User:1143354705 | EventBus             | Новая подписка: _user_event_handler на signal (User: 1143354705)
2025-10-19 23:54:55 MSK | INFO     | User:1143354705 | EventBus             | Новая подписка: _user_event_handler на risk_limit_exceeded (User: 1143354705)
2025-10-19 23:54:55 MSK | INFO     | User:1143354705 | EventBus             | Новая подписка: _user_event_handler на user_settings_changed (User: 1143354705)
2025-10-19 23:54:55 MSK | INFO     | User:1143354705 | EventBus             | Новая подписка: _user_event_handler на strategy_restart_requested (User: 1143354705)
2025-10-19 23:54:55 MSK | INFO     | User:1143354705 | EventBus             | Новая подписка: _user_event_handler на order_filled (User: 1143354705)
2025-10-19 23:54:55 MSK | INFO     | User:1143354705 | EventBus             | Новая подписка: _user_event_handler на price_update (User: 1143354705)
2025-10-19 23:54:55 MSK | INFO     | User:1143354705 | EventBus             | Новая подписка: _user_event_handler на position_update (User: 1143354705)
2025-10-19 23:54:55 MSK | INFO     | User:1143354705 | EventBus             | Новая подписка: _user_event_handler на order_update (User: 1143354705)
2025-10-19 23:54:55 MSK | INFO     | User:1143354705 | core.user_session    | Успешная подписка на пользовательские события.
2025-10-19 23:54:55 MSK | INFO     | User:1143354705 | websocket.websocket_manager | Запуск DataFeedHandler...
2025-10-19 23:54:55 MSK | INFO     | User:1143354705 | websocket.websocket_manager | API ключи загружены
2025-10-19 23:54:55 MSK | INFO     | User:0          | websocket.websocket_manager | ⚡ МГНОВЕННАЯ подписка на SOLUSDT (publicTrade + kline.5 + kline.1) отправлена
2025-10-19 23:54:55 MSK | INFO     | User:1143354705 | websocket.websocket_manager | Подписка на SOLUSDT
2025-10-19 23:54:55 MSK | INFO     | User:1143354705 | websocket.websocket_manager | Подписка на watchlist: ['SOLUSDT']
2025-10-19 23:54:55 MSK | INFO     | User:1143354705 | EventBus             | Новая подписка: _handle_position_activity на position_update (User: 1143354705)
2025-10-19 23:54:55 MSK | INFO     | User:1143354705 | websocket.websocket_manager | DataFeedHandler запущен
2025-10-19 23:54:55 MSK | INFO     | User:1143354705 | analysis.meta_strategist | Запуск MetaStrategist...
2025-10-19 23:54:55 MSK | INFO     | User:1143354705 | EventBus             | Новая подписка: _handle_settings_changed на user_settings_changed (User: 1143354705)
2025-10-19 23:54:55 MSK | INFO     | User:1143354705 | analysis.meta_strategist | MetaStrategist запущен
2025-10-19 23:54:55 MSK | INFO     | User:1143354705 | core.user_session    | Компоненты сессии запущены
2025-10-19 23:54:55 MSK | INFO     | User:1143354705 | core.user_session    | Проверка и запуск постоянных стратегий...
2025-10-19 23:54:55 MSK | INFO     | User:1143354705 | core.user_session    | Запуск Signal Scalper для символов из watchlist: ['SOLUSDT']
2025-10-19 23:54:55 MSK | INFO     | User:1143354705 | core.user_session    | 🔍 Проверка слотов для signal_scalper_SOLUSDT: найдено 0 стратегий того же типа
2025-10-19 23:54:55 MSK | INFO     | User:1143354705 | core.user_session    | ✅ Есть свободный слот: 0/5
2025-10-19 23:54:55 MSK | INFO     | User:1143354705 | core.user_session    | ✅ Есть свободный слот для signal_scalper_SOLUSDT
2025-10-19 23:54:55 MSK | INFO     | User:1143354705 | core.user_session    | 🔀 Запуск Multi-Account Coordinator для SOLUSDT
2025-10-19 23:54:55 MSK | INFO     | User:1143354705 | strategies.base_strategy | Инициализирована стратегия signal_scalper для SOLUSDT (ID: 1143354705_SOLUSDT_bot1_20251019_235455)
2025-10-19 23:54:55 MSK | INFO     | User:1143354705 | core.user_session    | ✅ Стратегия для Бота 1 (SOLUSDT) создана
2025-10-19 23:54:55 MSK | INFO     | User:1143354705 | strategies.base_strategy | Инициализирована стратегия signal_scalper для SOLUSDT (ID: 1143354705_SOLUSDT_bot2_20251019_235455)
2025-10-19 23:54:55 MSK | INFO     | User:1143354705 | core.user_session    | ✅ Стратегия для Бота 2 (SOLUSDT) создана
2025-10-19 23:54:55 MSK | INFO     | User:1143354705 | strategies.base_strategy | Инициализирована стратегия signal_scalper для SOLUSDT (ID: 1143354705_SOLUSDT_bot3_20251019_235455)
2025-10-19 23:54:55 MSK | INFO     | User:1143354705 | core.user_session    | ✅ Стратегия для Бота 3 (SOLUSDT) создана
2025-10-19 23:54:55 MSK | INFO     | User:1143354705 | Coordinator          | 🔀 MultiAccountCoordinator создан для SOLUSDT: 3 бота готовы
2025-10-19 23:54:55 MSK | INFO     | User:1143354705 | Coordinator          | 🟢 Запуск Coordinator для SOLUSDT
2025-10-19 23:54:55 MSK | INFO     | User:1143354705 | Coordinator          | 🟢 АКТИВАЦИЯ БОТА 1 для SOLUSDT
2025-10-19 23:54:55 MSK | INFO     | User:1143354705 | strategies.base_strategy | Запуск стратегии signal_scalper...
2025-10-19 23:54:55 MSK | INFO     | User:1143354705 | strategies.base_strategy | Конфигурация стратегии signal_scalper загружена
2025-10-19 23:54:55 MSK | INFO     | User:1143354705 | SpikeDetector        | 📡 SpikeDetector инициализирован для SOLUSDT: порог=0.10%, lookback=50
2025-10-19 23:54:55 MSK | INFO     | User:1143354705 | SignalScalper        | 📡 SpikeDetector инициализирован для SOLUSDT (анализ: 3m/5m/10m)
2025-10-19 23:54:55 MSK | INFO     | User:1143354705 | websocket.websocket_manager | Подключение к приватному WebSocket: wss://stream-demo.bybit.com/v5/private
2025-10-19 23:54:55 MSK | INFO     | User:1143354705 | strategies.base_strategy | Стратегия signal_scalper успешно запущена для SOLUSDT
2025-10-19 23:54:55 MSK | INFO     | User:1143354705 | EventBus             | Новая подписка: _handle_new_candle на new_candle (User: 1143354705)
2025-10-19 23:54:55 MSK | INFO     | User:1143354705 | Coordinator          | 👁️ Запущен мониторинг для SOLUSDT
2025-10-19 23:54:55 MSK | INFO     | User:1143354705 | cache.redis_manager  | Пользовательская сессия создана
2025-10-19 23:54:55 MSK | INFO     | User:1143354705 | core.user_session    | 🔀 Multi-Account Coordinator для SOLUSDT запущен успешно
2025-10-19 23:54:55 MSK | INFO     | User:1143354705 | core.user_session    | Стратегия Flash Drop Catcher отключена в настройках.
2025-10-19 23:54:55 MSK | INFO     | User:1143354705 | cache.redis_manager  | Пользовательская сессия создана
2025-10-19 23:54:55 MSK | INFO     | User:1143354705 | core.user_session    | Пользовательская сессия запущена
2025-10-19 23:54:55 MSK | INFO     | User:1143354705 | core.bot_application | Пользовательская сессия создана
2025-10-19 23:54:55 MSK | INFO     | User:1143354705 | cache.redis_manager  | Пользовательская сессия создана
2025-10-19 23:54:55 MSK | INFO     | User:1143354705 | core.bot_application | Статус авто-торговли установлен в 'active' в Redis.
2025-10-19 23:54:55 MSK | INFO     | User:1143354705 | core.bot_application | 🚀 Запуск стратегий для 1 символов из watchlist: ['SOLUSDT']
2025-10-19 23:54:55 MSK | WARNING  | User:1143354705 | core.user_session    | Стратегия signal_scalper_SOLUSDT уже запущена
2025-10-19 23:54:55 MSK | INFO     | User:1143354705 | core.bot_application | ✅ Стратегия для SOLUSDT успешно запущена
2025-10-19 23:54:55 MSK | INFO     | User:1143354705 | core.bot_application | Получено событие запуска сессии
2025-10-19 23:54:55 MSK | INFO     | User:1143354705 | websocket.websocket_manager | Аутентификация отправлена
2025-10-19 23:54:55 MSK | INFO     | User:1143354705 | websocket.websocket_manager | Подписка на приватные каналы отправлена
2025-10-19 23:54:55 MSK | INFO     | User:1143354705 | websocket.websocket_manager | Подключен к приватному WebSocket
2025-10-19 23:55:00 MSK | INFO     | User:1143354705 | SignalScalper        | Анализ для SOLUSDT: Сигнал=SHORT, Цена=189.4100, Индикаторы={'ema_short': 189.17637398508762, 'ema_long': 189.45106754853506, 'rsi': 54.81199930128646, 'rsi_neutral': True}
2025-10-19 23:55:00 MSK | INFO     | User:1143354705 | SignalScalper        | Сигнал SHORT подтвержден! (1/1)
2025-10-19 23:55:00 MSK | INFO     | User:1143354705 | SpikeDetector        | ⏸️ SpikeDetector (SOLUSDT): Недостаточно данных (0/6 всплесков), накапливаю историю...
2025-10-19 23:55:00 MSK | INFO     | User:1143354705 | SignalScalper        | ⏸️ Spike Detector (1 свечей, 0/0 всплесков за 10мин): ⏸️ Недостаточно данных для анализа (0/6 всплесков)
2025-10-20 00:00:00 MSK | INFO     | User:1143354705 | SignalScalper        | Анализ для SOLUSDT: Сигнал=SHORT, Цена=189.5400, Индикаторы={'ema_short': 189.22015698301482, 'ema_long': 189.46172199347166, 'rsi': 57.532070508135405, 'rsi_neutral': True}
2025-10-20 00:00:00 MSK | INFO     | User:1143354705 | SignalScalper        | Сигнал SHORT подтвержден! (2/1)
2025-10-20 00:00:00 MSK | INFO     | User:1143354705 | SpikeDetector        | ⏸️ SpikeDetector (SOLUSDT): Недостаточно данных (1/6 всплесков), накапливаю историю...
2025-10-20 00:00:00 MSK | INFO     | User:1143354705 | SignalScalper        | ⏸️ Spike Detector (6 свечей, 1/1 всплесков за 10мин): ⏸️ Недостаточно данных для анализа (1/6 всплесков)
2025-10-20 00:05:00 MSK | INFO     | User:1143354705 | SignalScalper        | Анализ для SOLUSDT: Сигнал=SHORT, Цена=189.4000, Индикаторы={'ema_short': 189.22823728249017, 'ema_long': 189.45833788355242, 'rsi': 53.70263635492011, 'rsi_neutral': True}
2025-10-20 00:05:00 MSK | INFO     | User:1143354705 | SignalScalper        | Сигнал SHORT подтвержден! (3/1)
2025-10-20 00:05:00 MSK | INFO     | User:1143354705 | SpikeDetector        | ⏸️ SpikeDetector (SOLUSDT): Недостаточно данных (1/6 всплесков), накапливаю историю...
2025-10-20 00:05:00 MSK | INFO     | User:1143354705 | SignalScalper        | ⏸️ Spike Detector (11 свечей, 1/1 всплесков за 10мин): ⏸️ Недостаточно данных для анализа (1/6 всплесков)
2025-10-20 00:06:38 MSK | INFO     | User:1143354705 | websocket.websocket_manager | WebSocket переподключение: no close frame received or sent
2025-10-20 00:06:43 MSK | INFO     | User:1143354705 | websocket.websocket_manager | Подключение к приватному WebSocket: wss://stream-demo.bybit.com/v5/private
2025-10-20 00:06:43 MSK | INFO     | User:1143354705 | websocket.websocket_manager | Аутентификация отправлена
2025-10-20 00:06:43 MSK | INFO     | User:1143354705 | websocket.websocket_manager | Подписка на приватные каналы отправлена
2025-10-20 00:06:43 MSK | INFO     | User:1143354705 | websocket.websocket_manager | Подключен к приватному WebSocket
2025-10-20 00:10:00 MSK | INFO     | User:1143354705 | SignalScalper        | Анализ для SOLUSDT: Сигнал=SHORT, Цена=189.1700, Индикаторы={'ema_short': 189.20394134499858, 'ema_long': 189.4396682653276, 'rsi': 48.15471614474692, 'rsi_neutral': True}
2025-10-20 00:10:00 MSK | INFO     | User:1143354705 | SignalScalper        | Сигнал SHORT подтвержден! (4/1)
2025-10-20 00:10:00 MSK | INFO     | User:1143354705 | SpikeDetector        | ⏸️ SpikeDetector (SOLUSDT): Недостаточно данных (2/6 всплесков), накапливаю историю...
2025-10-20 00:10:00 MSK | INFO     | User:1143354705 | SignalScalper        | ⏸️ Spike Detector (16 свечей, 2/2 всплесков за 10мин): ⏸️ Недостаточно данных для анализа (2/6 всплесков)
2025-10-20 00:15:00 MSK | INFO     | User:1143354705 | SignalScalper        | Анализ для SOLUSDT: Сигнал=SHORT, Цена=188.8500, Индикаторы={'ema_short': 189.1453202053841, 'ema_long': 189.4046240093818, 'rsi': 41.696748812611744, 'rsi_neutral': True}
2025-10-20 00:15:00 MSK | INFO     | User:1143354705 | SignalScalper        | Сигнал SHORT подтвержден! (5/1)
2025-10-20 00:15:00 MSK | INFO     | User:1143354705 | SpikeDetector        | ⏸️ SpikeDetector (SOLUSDT): Недостаточно данных (3/6 всплесков), накапливаю историю...
2025-10-20 00:15:00 MSK | INFO     | User:1143354705 | SignalScalper        | ⏸️ Spike Detector (21 свечей, 3/3 всплесков за 10мин): ⏸️ Недостаточно данных для анализа (3/6 всплесков)
2025-10-20 00:18:38 MSK | INFO     | User:1143354705 | websocket.websocket_manager | WebSocket переподключение: no close frame received or sent
2025-10-20 00:18:43 MSK | INFO     | User:1143354705 | websocket.websocket_manager | Подключение к приватному WebSocket: wss://stream-demo.bybit.com/v5/private
2025-10-20 00:18:44 MSK | INFO     | User:1143354705 | websocket.websocket_manager | Аутентификация отправлена
2025-10-20 00:18:44 MSK | INFO     | User:1143354705 | websocket.websocket_manager | Подписка на приватные каналы отправлена
2025-10-20 00:18:44 MSK | INFO     | User:1143354705 | websocket.websocket_manager | Подключен к приватному WebSocket
2025-10-20 00:20:00 MSK | INFO     | User:1143354705 | SignalScalper        | Анализ для SOLUSDT: Сигнал=SHORT, Цена=188.8300, Индикаторы={'ema_short': 189.11500035180083, 'ema_long': 189.3810379893766, 'rsi': 41.347459255897135, 'rsi_neutral': True}
2025-10-20 00:20:00 MSK | INFO     | User:1143354705 | SignalScalper        | Сигнал SHORT подтвержден! (6/1)
2025-10-20 00:20:00 MSK | INFO     | User:1143354705 | SpikeDetector        | ⏸️ SpikeDetector (SOLUSDT): Недостаточно данных (4/6 всплесков), накапливаю историю...
2025-10-20 00:20:00 MSK | INFO     | User:1143354705 | SignalScalper        | ⏸️ Spike Detector (26 свечей, 4/4 всплесков за 10мин): ⏸️ Недостаточно данных для анализа (4/6 всплесков)
2025-10-20 00:25:00 MSK | INFO     | User:1143354705 | SignalScalper        | Анализ для SOLUSDT: Сигнал=SHORT, Цена=188.4600, Индикаторы={'ema_short': 189.02487967719, 'ema_long': 189.3330881973138, 'rsi': 35.10669139395407, 'rsi_neutral': True}
2025-10-20 00:25:00 MSK | INFO     | User:1143354705 | SignalScalper        | Сигнал SHORT подтвержден! (7/1)
2025-10-20 00:25:00 MSK | INFO     | User:1143354705 | SpikeDetector        | ⏸️ SpikeDetector (SOLUSDT): Недостаточно данных (5/6 всплесков), накапливаю историю...
2025-10-20 00:25:00 MSK | INFO     | User:1143354705 | SignalScalper        | ⏸️ Spike Detector (31 свечей, 5/5 всплесков за 10мин): ⏸️ Недостаточно данных для анализа (5/6 всплесков)
2025-10-20 00:29:56 MSK | INFO     | User:1143354705 | websocket.websocket_manager | WebSocket переподключение: no close frame received or sent
2025-10-20 00:30:00 MSK | INFO     | User:1143354705 | SignalScalper        | Анализ для SOLUSDT: Сигнал=SHORT, Цена=188.3700, Индикаторы={'ema_short': 188.9579167222943, 'ema_long': 189.2945437524225, 'rsi': 33.78648690385134, 'rsi_neutral': True}
2025-10-20 00:30:00 MSK | INFO     | User:1143354705 | SignalScalper        | Сигнал SHORT подтвержден! (8/1)
2025-10-20 00:30:00 MSK | INFO     | User:1143354705 | SpikeDetector        | ⏸️ SpikeDetector (SOLUSDT): Недостаточно данных (5/6 всплесков), накапливаю историю...
2025-10-20 00:30:00 MSK | INFO     | User:1143354705 | SignalScalper        | ⏸️ Spike Detector (36 свечей, 5/5 всплесков за 10мин): ⏸️ Недостаточно данных для анализа (5/6 всплесков)
2025-10-20 00:30:01 MSK | INFO     | User:1143354705 | websocket.websocket_manager | Подключение к приватному WebSocket: wss://stream-demo.bybit.com/v5/private
2025-10-20 00:30:02 MSK | INFO     | User:1143354705 | websocket.websocket_manager | Аутентификация отправлена
2025-10-20 00:30:02 MSK | INFO     | User:1143354705 | websocket.websocket_manager | Подписка на приватные каналы отправлена
2025-10-20 00:30:02 MSK | INFO     | User:1143354705 | websocket.websocket_manager | Подключен к приватному WebSocket
2025-10-20 00:35:00 MSK | INFO     | User:1143354705 | SignalScalper        | Анализ для SOLUSDT: Сигнал=SHORT, Цена=188.4700, Индикаторы={'ema_short': 188.92185564268024, 'ema_long': 189.27082550178218, 'rsi': 36.6722708759786, 'rsi_neutral': True}
2025-10-20 00:35:00 MSK | INFO     | User:1143354705 | SignalScalper        | Сигнал SHORT подтвержден! (9/1)
2025-10-20 00:35:00 MSK | INFO     | User:1143354705 | SpikeDetector        | ⏸️ SpikeDetector (SOLUSDT): Недостаточно данных (5/6 всплесков), накапливаю историю...
2025-10-20 00:35:00 MSK | INFO     | User:1143354705 | SignalScalper        | ⏸️ Spike Detector (41 свечей, 5/5 всплесков за 10мин): ⏸️ Недостаточно данных для анализа (5/6 всплесков)
2025-10-20 00:40:00 MSK | INFO     | User:1143354705 | SignalScalper        | Анализ для SOLUSDT: Сигнал=SHORT, Цена=188.8900, Индикаторы={'ema_short': 188.95288302755247, 'ema_long': 189.27485579080025, 'rsi': 47.119417524130725, 'rsi_neutral': True}
2025-10-20 00:40:00 MSK | INFO     | User:1143354705 | SignalScalper        | Сигнал SHORT подтвержден! (10/1)
2025-10-20 00:40:00 MSK | INFO     | User:1143354705 | SpikeDetector        | 📊 Spike Detector (6 свечей, 6 всплесков за 10мин): ⬆️2 (33%) vs ⬇️4 (67%), импульс 3m/5m/10m = BEARISH/BEARISH/BEARISH
2025-10-20 00:40:00 MSK | INFO     | User:1143354705 | SignalScalper        | ✅ Spike Detector (46 свечей, 6/6 всплесков за 10мин): 🚀 СИЛЬНЕЙШИЙ SHORT: все таймфреймы BEARISH (3m/5m/10m согласны)
2025-10-20 00:40:00 MSK | INFO     | User:1143354705 | strategies.base_strategy | Принудительная перезагрузка конфигурации для стратегии signal_scalper
2025-10-20 00:40:00 MSK | INFO     | User:1143354705 | strategies.base_strategy | Конфигурация стратегии signal_scalper загружена
2025-10-20 00:40:00 MSK | INFO     | User:1143354705 | SpikeDetector        | 📡 SpikeDetector инициализирован для SOLUSDT: порог=0.10%, lookback=50
2025-10-20 00:40:00 MSK | INFO     | User:1143354705 | SignalScalper        | 📡 SpikeDetector инициализирован для SOLUSDT (анализ: 3m/5m/10m)
2025-10-20 00:40:00 MSK | INFO     | User:1143354705 | SignalScalper        | 🔧 Параметры усреднения обновлены: триггер=15.0%, SL=45.0%, множитель=1.0, лимит=1
2025-10-20 00:40:00 MSK | INFO     | User:1143354705 | SignalScalper        | Конфигурация заморожена для сделки по SOLUSDT: order_amount=500.0, leverage=3.0
2025-10-20 00:40:00 MSK | INFO     | User:1143354705 | bybit_api            | Плечо успешно установлено 3.0x для SOLUSDT
2025-10-20 00:40:00 MSK | INFO     | User:1143354705 | strategies.base_strategy | Плечо для SOLUSDT установлено: 3.0x
2025-10-20 00:40:00 MSK | INFO     | User:1143354705 | bybit_api            | --- [QTY CALC START] ---
2025-10-20 00:40:00 MSK | INFO     | User:1143354705 | bybit_api            | [QTY_CALC] Расчет для SOLUSDT | Сумма: 500.0 USDT | Плечо: 3.0x
2025-10-20 00:40:00 MSK | INFO     | User:1143354705 | bybit_api            | [QTY_CALC] Цена для расчета: 188.89
2025-10-20 00:40:00 MSK | INFO     | User:1143354705 | bybit_api            | [QTY_CALC] Номинальная стоимость: 1500.0000 USDT | Сырое кол-во: 7.941129758060246704431150405
2025-10-20 00:40:00 MSK | INFO     | User:1143354705 | bybit_api            | Кэш инструментов пуст или устарел. Запрашиваю ПОЛНЫЙ список с пагинацией...
2025-10-20 00:40:01 MSK | INFO     | User:1143354705 | bybit_api            | Кэш инструментов обновлен. Загружено 652 символов.
2025-10-20 00:40:01 MSK | INFO     | User:1143354705 | bybit_api            | [QTY_CALC] Правила инструмента: qtyStep=0.1, minOrderQty=0.1
2025-10-20 00:40:01 MSK | INFO     | User:1143354705 | bybit_api            | [QTY_CALC] Кол-во после округления до шага: 7.9
2025-10-20 00:40:01 MSK | INFO     | User:1143354705 | bybit_api            | --- [QTY CALC END] Финальное кол-во (Decimal): 7.9 ---
2025-10-20 00:40:01 MSK | INFO     | User:1143354705 | strategies.base_strategy | [Bot #1] Размещение ордера Sell 7.9 SOLUSDT | API: odhv...MiD7
2025-10-20 00:40:01 MSK | INFO     | User:1143354705 | bybit_api            | Ордер успешно размещен: Sell 7.9 SOLUSDT по рынку (ID: 4ceb2413-94f9-4d83-89b8-644c684583e6)
2025-10-20 00:40:01 MSK | INFO     | User:1143354705 | database             | 📝 Ордер сохранён в БД: 4ceb2413-94f9-4d83-89b8-644c684583e6 | Bot1 | OPEN Sell 7.9 SOLUSDT @ 0 | ID в БД: 26
2025-10-20 00:40:01 MSK | INFO     | User:1143354705 | strategies.base_strategy | Ордер 4ceb2413-94f9-4d83-89b8-644c684583e6 (Sell 7.9 SOLUSDT) отправлен на биржу.
2025-10-20 00:40:01 MSK | INFO     | User:1143354705 | strategies.base_strategy | Ожидание исполнения ордера 4ceb2413-94f9-4d83-89b8-644c684583e6 через API-polling (до 22 сек)...
2025-10-20 00:40:03 MSK | INFO     | User:1143354705 | strategies.base_strategy | ПОДТВЕРЖДЕН API: Ордер 4ceb2413-94f9-4d83-89b8-644c684583e6 исполнен.
2025-10-20 00:50:56 MSK | INFO     | User:1143354705 | websocket.websocket_manager | WebSocket переподключение: no close frame received or sent
2025-10-20 00:51:01 MSK | INFO     | User:1143354705 | websocket.websocket_manager | Подключение к приватному WebSocket: wss://stream-demo.bybit.com/v5/private
2025-10-20 00:51:01 MSK | INFO     | User:1143354705 | websocket.websocket_manager | Аутентификация отправлена
2025-10-20 00:51:01 MSK | INFO     | User:1143354705 | websocket.websocket_manager | Подписка на приватные каналы отправлена
2025-10-20 00:51:01 MSK | INFO     | User:1143354705 | websocket.websocket_manager | Подключен к приватному WebSocket
2025-10-20 00:59:03 MSK | INFO     | User:0          | main                 | === НАЧАЛО ПРОЦЕДУРЫ ЗАВЕРШЕНИЯ РАБОТЫ ===
2025-10-20 00:59:03 MSK | INFO     | User:0          | core.bot_application | Остановка BotApplication...
2025-10-20 00:59:03 MSK | INFO     | User:0          | core.bot_application | Мониторинг остановлен
2025-10-20 01:00:34 MSK | INFO     | User:0          | system_config        | Загружены Bybit API ключи: PRIMARY, SECONDARY, TERTIARY
2025-10-20 01:00:34 MSK | INFO     | User:0          | system_config        | Конфигурация системы успешно загружена и валидирована.
2025-10-20 01:00:35 MSK | INFO     | User:0          | main                 | === ЗАПУСК FUTURES TRADING BOT v2.2 ===
2025-10-20 01:00:35 MSK | INFO     | User:0          | database             | Инициализация DatabaseManager...
2025-10-20 01:00:35 MSK | INFO     | User:0          | database             | Ключ шифрования успешно настроен.
2025-10-20 01:00:35 MSK | INFO     | User:0          | database             | Пул соединений с PostgreSQL успешно создан (попытка 1).
2025-10-20 01:00:35 MSK | INFO     | User:0          | database             | Система шифрования настроена
2025-10-20 01:00:35 MSK | INFO     | User:0          | database             | Все таблицы созданы успешно
2025-10-20 01:00:35 MSK | INFO     | User:0          | database             | Запуск миграций базы данных...
2025-10-20 01:00:35 MSK | INFO     | User:0          | database             | PostgreSQL timezone установлен на Europe/Moscow (МСК)
2025-10-20 01:00:36 MSK | INFO     | User:0          | database             | Миграции базы данных завершены.
2025-10-20 01:00:36 MSK | INFO     | User:0          | database             | Индексы созданы успешно
2025-10-20 01:00:36 MSK | INFO     | User:0          | cache.redis_manager  | Redis подключен успешно
2025-10-20 01:00:36 MSK | INFO     | User:0          | bot                  | Инициализация Telegram бота...
2025-10-20 01:00:36 MSK | INFO     | User:0          | bot                  | Redis storage настроен
2025-10-20 01:00:36 MSK | INFO     | User:0          | bot                  | Бот инициализирован: @Futures_Tbot (Futures Trading)
2025-10-20 01:00:36 MSK | INFO     | User:0          | bot                  | EventBus middleware зарегистрирован.
2025-10-20 01:00:36 MSK | INFO     | User:0          | bot                  | Middleware настроены
2025-10-20 01:00:36 MSK | INFO     | User:0          | bot                  | Обработчики команд зарегистрированы
2025-10-20 01:00:36 MSK | INFO     | User:0          | bot                  | Диспетчер настроен
2025-10-20 01:00:36 MSK | INFO     | User:0          | bot                  | Настроено 10 команд бота
2025-10-20 01:00:36 MSK | INFO     | User:0          | bot                  | Telegram бот успешно инициализирован
2025-10-20 01:00:36 MSK | INFO     | User:0          | __main__             | Сохранение PRIMARY API ключей для администратора 1143354705...
2025-10-20 01:00:36 MSK | INFO     | User:1143354705 | database             | API ключи для биржи bybit (приоритет 1) сохранены
2025-10-20 01:00:36 MSK | INFO     | User:0          | __main__             | ✅ PRIMARY API ключи для администратора 1143354705 успешно сохранены.
2025-10-20 01:00:36 MSK | INFO     | User:0          | __main__             | Сохранение SECONDARY API ключей для администратора 1143354705...
2025-10-20 01:00:36 MSK | INFO     | User:1143354705 | database             | API ключи для биржи bybit (приоритет 2) сохранены
2025-10-20 01:00:36 MSK | INFO     | User:0          | __main__             | ✅ SECONDARY API ключи для администратора 1143354705 успешно сохранены.
2025-10-20 01:00:36 MSK | INFO     | User:0          | __main__             | Сохранение TERTIARY API ключей для администратора 1143354705...
2025-10-20 01:00:36 MSK | INFO     | User:1143354705 | database             | API ключи для биржи bybit (приоритет 3) сохранены
2025-10-20 01:00:36 MSK | INFO     | User:0          | __main__             | ✅ TERTIARY API ключи для администратора 1143354705 успешно сохранены.
2025-10-20 01:00:36 MSK | INFO     | User:0          | __main__             | 🔑 Итого для администратора 1143354705: сохранено 3/3 наборов API ключей
2025-10-20 01:00:36 MSK | INFO     | User:0          | __main__             | Шаблоны конфигураций по умолчанию сохранены в Redis.
2025-10-20 01:00:36 MSK | INFO     | User:0          | bot                  | BotApplication установлен для обработчиков
2025-10-20 01:00:36 MSK | INFO     | User:0          | core.bot_application | Запуск BotApplication...
2025-10-20 01:00:36 MSK | INFO     | User:0          | EventBus             | Новая подписка: _handle_session_start на user_session_started (User: Global)
2025-10-20 01:00:36 MSK | INFO     | User:0          | EventBus             | Новая подписка: _handle_session_stop на user_session_stopped (User: Global)
2025-10-20 01:00:36 MSK | INFO     | User:0          | EventBus             | Новая подписка: _handle_settings_changed на user_settings_changed (User: Global)
2025-10-20 01:00:36 MSK | INFO     | User:0          | EventBus             | Новая подписка: _handle_risk_limit на risk_limit_exceeded (User: Global)
2025-10-20 01:00:36 MSK | INFO     | User:0          | EventBus             | Новая подписка: _handle_session_start_request на user_session_start_requested (User: Global)
2025-10-20 01:00:36 MSK | INFO     | User:0          | EventBus             | Новая подписка: _handle_session_stop_request на user_session_stop_requested (User: Global)
2025-10-20 01:00:36 MSK | INFO     | User:0          | websocket.websocket_manager | WebSocket Manager использует Public URL: wss://stream.bybit.com/v5/public/linear
2025-10-20 01:00:36 MSK | INFO     | User:0          | websocket.websocket_manager | WebSocket Manager использует Private URL Template: wss://stream-demo.bybit.com/v5/private
2025-10-20 01:00:36 MSK | INFO     | User:0          | websocket.websocket_manager | Запуск GlobalWebSocketManager...
2025-10-20 01:00:36 MSK | INFO     | User:0          | websocket.websocket_manager | GlobalWebSocketManager запущен
2025-10-20 01:00:36 MSK | INFO     | User:0          | core.bot_application | Глобальные компоненты инициализированы
2025-10-20 01:00:36 MSK | INFO     | User:0          | websocket.websocket_manager | Подключение к публичному WebSocket: wss://stream.bybit.com/v5/public/linear
2025-10-20 01:00:37 MSK | INFO     | User:1143354705 | core.user_session    | Запуск пользовательской сессии...
2025-10-20 01:00:37 MSK | INFO     | User:1143354705 | database             | Загружено 3 API ключей для bybit
2025-10-20 01:00:37 MSK | INFO     | User:1143354705 | core.user_session    | 🔀 Обнаружено 3 API ключа - активирую Multi-Account Coordinator режим
2025-10-20 01:00:37 MSK | INFO     | User:1143354705 | bybit_api            | BybitAPI инициализирован с ключом: odhv...MiD7
2025-10-20 01:00:37 MSK | INFO     | User:1143354705 | bybit_api            | BybitAPI использует базовый URL: https://api-demo.bybit.com
2025-10-20 01:00:37 MSK | INFO     | User:1143354705 | core.user_session    | ✅ API клиент #1 инициализирован | Ключ: odhv...MiD7
2025-10-20 01:00:37 MSK | INFO     | User:1143354705 | bybit_api            | BybitAPI инициализирован с ключом: p99i...PbKm
2025-10-20 01:00:37 MSK | INFO     | User:1143354705 | bybit_api            | BybitAPI использует базовый URL: https://api-demo.bybit.com
2025-10-20 01:00:37 MSK | INFO     | User:1143354705 | core.user_session    | ✅ API клиент #2 инициализирован | Ключ: p99i...PbKm
2025-10-20 01:00:37 MSK | INFO     | User:1143354705 | bybit_api            | BybitAPI инициализирован с ключом: rsHW...H7TL
2025-10-20 01:00:37 MSK | INFO     | User:1143354705 | bybit_api            | BybitAPI использует базовый URL: https://api-demo.bybit.com
2025-10-20 01:00:37 MSK | INFO     | User:1143354705 | core.user_session    | ✅ API клиент #3 инициализирован | Ключ: rsHW...H7TL
2025-10-20 01:00:37 MSK | INFO     | User:1143354705 | core.user_session    | 📌 PRIMARY API клиент установлен для компонентов
2025-10-20 01:00:37 MSK | INFO     | User:1143354705 | market_analyzer      | MarketAnalyzer инициализирован для пользователя 1143354705
2025-10-20 01:00:37 MSK | INFO     | User:1143354705 | core.user_session    | Компоненты сессии инициализированы
2025-10-20 01:00:37 MSK | INFO     | User:1143354705 | EventBus             | Новая подписка: _user_event_handler на signal (User: 1143354705)
2025-10-20 01:00:37 MSK | INFO     | User:1143354705 | EventBus             | Новая подписка: _user_event_handler на risk_limit_exceeded (User: 1143354705)
2025-10-20 01:00:37 MSK | INFO     | User:1143354705 | EventBus             | Новая подписка: _user_event_handler на user_settings_changed (User: 1143354705)
2025-10-20 01:00:37 MSK | INFO     | User:1143354705 | EventBus             | Новая подписка: _user_event_handler на strategy_restart_requested (User: 1143354705)
2025-10-20 01:00:37 MSK | INFO     | User:1143354705 | EventBus             | Новая подписка: _user_event_handler на order_filled (User: 1143354705)
2025-10-20 01:00:37 MSK | INFO     | User:1143354705 | EventBus             | Новая подписка: _user_event_handler на price_update (User: 1143354705)
2025-10-20 01:00:37 MSK | INFO     | User:1143354705 | EventBus             | Новая подписка: _user_event_handler на position_update (User: 1143354705)
2025-10-20 01:00:37 MSK | INFO     | User:1143354705 | EventBus             | Новая подписка: _user_event_handler на order_update (User: 1143354705)
2025-10-20 01:00:37 MSK | INFO     | User:1143354705 | core.user_session    | Успешная подписка на пользовательские события.
2025-10-20 01:00:37 MSK | INFO     | User:1143354705 | websocket.websocket_manager | Запуск DataFeedHandler...
2025-10-20 01:00:37 MSK | INFO     | User:1143354705 | websocket.websocket_manager | API ключи загружены
2025-10-20 01:00:37 MSK | INFO     | User:1143354705 | websocket.websocket_manager | Подписка на SOLUSDT
2025-10-20 01:00:37 MSK | INFO     | User:1143354705 | websocket.websocket_manager | Подписка на watchlist: ['SOLUSDT']
2025-10-20 01:00:37 MSK | INFO     | User:1143354705 | EventBus             | Новая подписка: _handle_position_activity на position_update (User: 1143354705)
2025-10-20 01:00:37 MSK | INFO     | User:1143354705 | websocket.websocket_manager | DataFeedHandler запущен
2025-10-20 01:00:37 MSK | INFO     | User:1143354705 | analysis.meta_strategist | Запуск MetaStrategist...
2025-10-20 01:00:37 MSK | INFO     | User:1143354705 | EventBus             | Новая подписка: _handle_settings_changed на user_settings_changed (User: 1143354705)
2025-10-20 01:00:37 MSK | INFO     | User:1143354705 | analysis.meta_strategist | MetaStrategist запущен
2025-10-20 01:00:37 MSK | INFO     | User:1143354705 | core.user_session    | Компоненты сессии запущены
2025-10-20 01:00:37 MSK | INFO     | User:1143354705 | core.user_session    | ⏭️ Пропускаю запуск persistent стратегий (восстановление из Redis/БД)
2025-10-20 01:00:37 MSK | INFO     | User:1143354705 | websocket.websocket_manager | Подключение к приватному WebSocket: wss://stream-demo.bybit.com/v5/private
2025-10-20 01:00:37 MSK | INFO     | User:1143354705 | cache.redis_manager  | Пользовательская сессия создана
2025-10-20 01:00:37 MSK | INFO     | User:1143354705 | core.user_session    | Пользовательская сессия запущена
2025-10-20 01:00:37 MSK | INFO     | User:1143354705 | core.bot_application | Сессия восстановлена, так как автотрейдинг был активен.
2025-10-20 01:00:37 MSK | INFO     | User:1143354705 | BotApplication       | 🎯 Найдено 2 активных ордеров бота в БД
2025-10-20 01:00:37 MSK | INFO     | User:1143354705 | BotApplication       | 📊 Активные ордера по символам: ['SOLUSDT']
2025-10-20 01:00:37 MSK | INFO     | User:1143354705 | BotApplication       | Статус: autotrade=❌, active_orders=✅, итог=✅ ВОССТАНАВЛИВАЕМ
2025-10-20 01:00:37 MSK | INFO     | User:1143354705 | BaseStrategy         | Найдено сохранённое состояние стратегии SOLUSDT от 2025-10-20 00:40:01.609530 (простой: 20 мин.)
2025-10-20 01:00:37 MSK | INFO     | User:1143354705 | BotApplication       | 🔄 Найдено сохранённое состояние signal_scalper для SOLUSDT
2025-10-20 01:00:37 MSK | INFO     | User:1143354705 | core.user_session    | 🔀 Восстановление Multi-Account Coordinator для SOLUSDT
2025-10-20 01:00:37 MSK | INFO     | User:1143354705 | strategy_factory     | ✅ Создание стратегии signal_scalper с bot=Bot (OK)
2025-10-20 01:00:37 MSK | INFO     | User:1143354705 | strategies.base_strategy | Инициализирована стратегия signal_scalper для SOLUSDT (ID: 1143354705_SOLUSDT_bot1_20251020_010037)
2025-10-20 01:00:37 MSK | INFO     | User:1143354705 | core.user_session    | ✅ Стратегия для Бота 1 (SOLUSDT) создана для восстановления
2025-10-20 01:00:37 MSK | INFO     | User:1143354705 | strategy_factory     | ✅ Создание стратегии signal_scalper с bot=Bot (OK)
2025-10-20 01:00:37 MSK | INFO     | User:1143354705 | strategies.base_strategy | Инициализирована стратегия signal_scalper для SOLUSDT (ID: 1143354705_SOLUSDT_bot2_20251020_010037)
2025-10-20 01:00:37 MSK | INFO     | User:1143354705 | core.user_session    | ✅ Стратегия для Бота 2 (SOLUSDT) создана для восстановления
2025-10-20 01:00:37 MSK | INFO     | User:1143354705 | strategy_factory     | ✅ Создание стратегии signal_scalper с bot=Bot (OK)
2025-10-20 01:00:37 MSK | INFO     | User:1143354705 | strategies.base_strategy | Инициализирована стратегия signal_scalper для SOLUSDT (ID: 1143354705_SOLUSDT_bot3_20251020_010037)
2025-10-20 01:00:37 MSK | INFO     | User:1143354705 | core.user_session    | ✅ Стратегия для Бота 3 (SOLUSDT) создана для восстановления
2025-10-20 01:00:37 MSK | INFO     | User:1143354705 | core.user_session    | 📋 Бот 1 (SOLUSDT): найдено 2 активных ордеров в БД
2025-10-20 01:00:37 MSK | INFO     | User:1143354705 | core.user_session    | ✅ Бот 1 (SOLUSDT): восстановлено 2 ордеров
2025-10-20 01:00:37 MSK | INFO     | User:1143354705 | core.user_session    | ℹ️ Бот 2 (SOLUSDT): активных ордеров не найдено
2025-10-20 01:00:37 MSK | INFO     | User:1143354705 | core.user_session    | ℹ️ Бот 3 (SOLUSDT): активных ордеров не найдено
2025-10-20 01:00:37 MSK | INFO     | User:1143354705 | BaseStrategy         | 🔄 Начинаю восстановление стратегии SOLUSDT после перезагрузки сервера...
2025-10-20 01:00:37 MSK | INFO     | User:1143354705 | BaseStrategy         | 🔍 Синхронизирую состояние позиции для SOLUSDT с биржей...
2025-10-20 01:00:37 MSK | INFO     | User:0          | websocket.websocket_manager | Подключен к публичному WebSocket
2025-10-20 01:00:37 MSK | INFO     | User:0          | websocket.websocket_manager | ⚡ МГНОВЕННАЯ подписка на SOLUSDT (publicTrade + kline.5 + kline.1) отправлена
2025-10-20 01:00:37 MSK | INFO     | User:1143354705 | BaseStrategy         | 📊 Анализ состояния позиции SOLUSDT:
2025-10-20 01:00:37 MSK | INFO     | User:1143354705 | BaseStrategy         |    Сохранённое состояние: position_active=False
2025-10-20 01:00:37 MSK | INFO     | User:1143354705 | BaseStrategy         |    Реальная позиция на бирже: размер=7.9, цена=0
2025-10-20 01:00:37 MSK | WARNING  | User:1143354705 | BaseStrategy         | ⚠️ НАЙДЕНА РАССИНХРОНИЗАЦИЯ! На бирже есть позиция SOLUSDT, но стратегия не знает об этом
2025-10-20 01:00:37 MSK | INFO     | User:1143354705 | BaseStrategy         | ✅ ВОССТАНОВЛЕНО состояние позиции: размер=7.9, цена=0, направление=SHORT
2025-10-20 01:00:37 MSK | INFO     | User:1143354705 | BaseStrategy         | 🔄 Синхронизирую 1 ордеров с биржей для SOLUSDT
2025-10-20 01:00:37 MSK | WARNING  | User:1143354705 | BaseStrategy         | ⚠️ Ордер 4ceb2413-94f9-4d83-89b8-644c684583e6 по SOLUSDT не найден в активных, проверяю статус
2025-10-20 01:00:37 MSK | INFO     | User:1143354705 | websocket.websocket_manager | Аутентификация отправлена
2025-10-20 01:00:37 MSK | INFO     | User:1143354705 | websocket.websocket_manager | Подписка на приватные каналы отправлена
2025-10-20 01:00:37 MSK | INFO     | User:1143354705 | websocket.websocket_manager | Подключен к приватному WebSocket
2025-10-20 01:00:37 MSK | INFO     | User:1143354705 | BaseStrategy         | 📈 Ордер 4ceb2413-94f9-4d83-89b8-644c684583e6 был исполнен во время перезагрузки
2025-10-20 01:00:38 MSK | INFO     | User:1143354705 | SignalScalper        | ✅ [НАША СДЕЛКА] Ордер 4ceb2413-94f9-4d83-89b8-644c684583e6 подтверждён в БД, обрабатываем.
2025-10-20 01:00:38 MSK | INFO     | User:1143354705 | SignalScalper        | [ОБРАБОТКА] Обрабатываем ордер 4ceb2413-94f9-4d83-89b8-644c684583e6 (Buy 7.9 SOLUSDT)
2025-10-20 01:00:38 MSK | INFO     | User:1143354705 | SignalScalper        | [FALLBACK] Ордер 4ceb2413-94f9-4d83-89b8-644c684583e6 определен как ЗАКРЫТИЕ по направлению: Buy (ожидалось Buy)
2025-10-20 01:00:38 MSK | INFO     | User:1143354705 | SignalScalper        | [ДИАГНОСТИКА] Ордер 4ceb2413-94f9-4d83-89b8-644c684583e6: side=Buy, qty=7.9, price=188.87, reduce_only=НЕТ, position_active=True, active_direction=SHORT, is_closing=True
2025-10-20 01:00:38 MSK | INFO     | User:1143354705 | SignalScalper        | [ЗАКРЫТИЕ] Обрабатываем ордер закрытия: 4ceb2413-94f9-4d83-89b8-644c684583e6
2025-10-20 01:00:38 MSK | INFO     | User:1143354705 | SignalScalper        | [ЛОКАЛЬНО] Используем локальные данные для расчёта PnL
2025-10-20 01:00:38 MSK | INFO     | User:1143354705 | SignalScalper        | [PNL_CALC] entry_price=0.0000, position_size=7.9, exit_price=188.8700, close_fee=0.8206, total_fees=0.8206, direction=SHORT, pnl_gross=-1492.0730, pnl_net=-1492.8936
2025-10-20 01:00:38 MSK | INFO     | User:1143354705 | database             | ✅ Ордер исполнен: 4ceb2413-94f9-4d83-89b8-644c684583e6 | OPEN Sell SOLUSDT | Комиссия: 0.8206$ | PnL: -1492.89$ | 01:00:38 МСК
2025-10-20 01:00:38 MSK | WARNING  | User:1143354705 | SignalScalper        | Убыточная сделка! Следующему сигналу потребуется 2 продолжай подтверждения.
2025-10-20 01:00:38 MSK | INFO     | User:1143354705 | SignalScalper        | Конфигурация разморожена после закрытия сделки по SOLUSDT
2025-10-20 01:00:38 MSK | INFO     | User:1143354705 | base_strategy        | Уведомление о закрытии сделки отправлено успешно.
2025-10-20 01:00:38 MSK | INFO     | User:1143354705 | SignalScalper        | [УСПЕХ] Позиция SOLUSDT закрыта быстро! PnL: -1492.89$
2025-10-20 01:00:38 MSK | INFO     | User:1143354705 | BaseStrategy         | 🧹 Удалено 1 неактивных ордеров для SOLUSDT
2025-10-20 01:00:38 MSK | INFO     | User:1143354705 | BaseStrategy         | Делегирование восстановления recovery handler для SOLUSDT
2025-10-20 01:00:38 MSK | INFO     | User:1143354705 | SignalScalperRecovery | 🔧 Начало восстановления SignalScalper для SOLUSDT...
2025-10-20 01:00:38 MSK | INFO     | User:1143354705 | SignalScalperRecovery | ℹ️ Позиция неактивна, восстанавливаю только базовые компоненты
2025-10-20 01:00:38 MSK | INFO     | User:1143354705 | SignalScalperRecovery | 📈 Инициализирован анализатор сигналов
2025-10-20 01:00:38 MSK | INFO     | User:1143354705 | SignalScalperRecovery | 🔄 Принудительная синхронизация с биржей для SOLUSDT...
2025-10-20 01:00:38 MSK | WARNING  | User:1143354705 | SignalScalperRecovery | 🚨 НАЙДЕНА АКТИВНАЯ ПОЗИЦИЯ на бирже: SOLUSDT SELL размер=7.9, вход=$188.8700
2025-10-20 01:00:38 MSK | WARNING  | User:1143354705 | SignalScalperRecovery | ⚠️ Стратегия считала позицию НЕАКТИВНОЙ, но на бирже есть позиция! ВОССТАНАВЛИВАЮ состояние...
2025-10-20 01:00:38 MSK | INFO     | User:1143354705 | EventBus             | Новая подписка: handle_price_update на price_update (User: 1143354705)
2025-10-20 01:00:38 MSK | INFO     | User:1143354705 | SignalScalperRecovery | ✅ Восстановлена подписка на обновления цен для SOLUSDT
2025-10-20 01:00:38 MSK | INFO     | User:1143354705 | bybit_api            | --- [QTY CALC START] ---
2025-10-20 01:00:38 MSK | INFO     | User:1143354705 | bybit_api            | [QTY_CALC] Расчет для SOLUSDT | Сумма: 500.0 USDT | Плечо: 3.0x
2025-10-20 01:00:38 MSK | INFO     | User:1143354705 | bybit_api            | [QTY_CALC] Цена для расчета: 189.250
2025-10-20 01:00:38 MSK | INFO     | User:1143354705 | bybit_api            | [QTY_CALC] Номинальная стоимость: 1500.0000 USDT | Сырое кол-во: 7.926023778071334214002642008
2025-10-20 01:00:38 MSK | INFO     | User:1143354705 | bybit_api            | Кэш инструментов пуст или устарел. Запрашиваю ПОЛНЫЙ список с пагинацией...
2025-10-20 01:00:38 MSK | INFO     | User:1143354705 | bybit_api            | Кэш инструментов обновлен. Загружено 652 символов.
2025-10-20 01:00:38 MSK | INFO     | User:1143354705 | bybit_api            | [QTY_CALC] Правила инструмента: qtyStep=0.1, minOrderQty=0.1
2025-10-20 01:00:38 MSK | INFO     | User:1143354705 | bybit_api            | [QTY_CALC] Кол-во после округления до шага: 7.9
2025-10-20 01:00:38 MSK | INFO     | User:1143354705 | bybit_api            | --- [QTY CALC END] Финальное кол-во (Decimal): 7.9 ---
2025-10-20 01:00:38 MSK | ERROR    | User:1143354705 | SignalScalperRecovery | Ошибка восстановления стоп-лосса с биржи: 'BybitAPI' object has no attribute 'get_position_info'
2025-10-20 01:00:38 MSK | INFO     | User:1143354705 | SignalScalperRecovery | ✅ Состояние стратегии ВОССТАНОВЛЕНО: SHORT позиция размер=7.9, вход=$188.8700
2025-10-20 01:00:39 MSK | INFO     | User:1143354705 | SignalScalperRecovery | ✅ Восстановление SignalScalper завершено успешно
2025-10-20 01:00:39 MSK | INFO     | User:1143354705 | BaseStrategy         | ✅ Стратегия SOLUSDT успешно восстановлена после перезагрузки
2025-10-20 01:00:39 MSK | INFO     | User:1143354705 | Coordinator          | 🔀 MultiAccountCoordinator создан для SOLUSDT: 3 бота готовы
2025-10-20 01:00:39 MSK | INFO     | User:1143354705 | Coordinator          | 🟢 Запуск Coordinator для SOLUSDT
2025-10-20 01:00:39 MSK | INFO     | User:1143354705 | Coordinator          | 🟢 АКТИВАЦИЯ БОТА 1 для SOLUSDT
2025-10-20 01:00:39 MSK | INFO     | User:1143354705 | EventBus             | Новая подписка: _handle_new_candle на new_candle (User: 1143354705)
2025-10-20 01:00:39 MSK | INFO     | User:1143354705 | core.user_session    | 🔀 Multi-Account Coordinator для SOLUSDT восстановлен успешно
2025-10-20 01:00:39 MSK | INFO     | User:1143354705 | BotApplication       | ✅ Стратегия signal_scalper для SOLUSDT восстановлена из состояния
2025-10-20 01:00:39 MSK | INFO     | User:1143354705 | Coordinator          | 👁️ Запущен мониторинг для SOLUSDT
2025-10-20 01:00:39 MSK | INFO     | User:5822609636 | core.bot_application | Автотрейдинг для пользователя не включен, сессия не будет восстановлена.
2025-10-20 01:00:39 MSK | INFO     | User:0          | core.bot_application | Восстановлено 1 пользовательских сессий
2025-10-20 01:00:39 MSK | INFO     | User:0          | core.bot_application | Фоновая задача очистки блокировок ConcurrencyManager запущена
2025-10-20 01:00:39 MSK | INFO     | User:0          | core.bot_application | BotApplication запущен. Активных сессий: 1
2025-10-20 01:00:39 MSK | INFO     | User:0          | main                 | === БОТ УСПЕШНО ЗАПУЩЕН И ГОТОВ К РАБОТЕ ===
2025-10-20 01:00:39 MSK | INFO     | User:0          | bot                  | Запуск бота в режиме polling...
2025-10-20 01:00:39 MSK | INFO     | User:0          | bot                  | Очистка старых webhook и pending updates...
2025-10-20 01:00:39 MSK | INFO     | User:0          | bot                  | Webhook удален и pending updates очищены
2025-10-20 01:00:40 MSK | INFO     | User:0          | bot                  | Запуск polling с защитой от старых команд...
2025-10-20 01:00:44 MSK | WARNING  | User:1143354705 | Coordinator          | 🟢 Возвращаю Бота 2 (SOLUSDT) как приоритетного (active_bots=[1])
2025-10-20 01:12:38 MSK | INFO     | User:1143354705 | websocket.websocket_manager | WebSocket переподключение: no close frame received or sent
2025-10-20 01:12:43 MSK | INFO     | User:1143354705 | websocket.websocket_manager | Подключение к приватному WebSocket: wss://stream-demo.bybit.com/v5/private
2025-10-20 01:12:44 MSK | INFO     | User:1143354705 | websocket.websocket_manager | Аутентификация отправлена
2025-10-20 01:12:44 MSK | INFO     | User:1143354705 | websocket.websocket_manager | Подписка на приватные каналы отправлена
2025-10-20 01:12:44 MSK | INFO     | User:1143354705 | websocket.websocket_manager | Подключен к приватному WebSocket
2025-10-20 01:24:38 MSK | INFO     | User:1143354705 | websocket.websocket_manager | WebSocket переподключение: no close frame received or sent
2025-10-20 01:24:43 MSK | INFO     | User:1143354705 | websocket.websocket_manager | Подключение к приватному WebSocket: wss://stream-demo.bybit.com/v5/private
2025-10-20 01:24:44 MSK | INFO     | User:1143354705 | websocket.websocket_manager | Аутентификация отправлена
2025-10-20 01:24:44 MSK | INFO     | User:1143354705 | websocket.websocket_manager | Подписка на приватные каналы отправлена
2025-10-20 01:24:44 MSK | INFO     | User:1143354705 | websocket.websocket_manager | Подключен к приватному WebSocket
2025-10-20 01:35:56 MSK | INFO     | User:1143354705 | websocket.websocket_manager | WebSocket переподключение: no close frame received or sent
2025-10-20 01:36:01 MSK | INFO     | User:1143354705 | websocket.websocket_manager | Подключение к приватному WebSocket: wss://stream-demo.bybit.com/v5/private
2025-10-20 01:36:01 MSK | INFO     | User:1143354705 | websocket.websocket_manager | Аутентификация отправлена
2025-10-20 01:36:01 MSK | INFO     | User:1143354705 | websocket.websocket_manager | Подписка на приватные каналы отправлена
2025-10-20 01:36:01 MSK | INFO     | User:1143354705 | websocket.websocket_manager | Подключен к приватному WebSocket
2025-10-20 01:47:56 MSK | INFO     | User:1143354705 | websocket.websocket_manager | WebSocket переподключение: no close frame received or sent
2025-10-20 01:48:01 MSK | INFO     | User:1143354705 | websocket.websocket_manager | Подключение к приватному WebSocket: wss://stream-demo.bybit.com/v5/private
2025-10-20 01:48:02 MSK | INFO     | User:1143354705 | websocket.websocket_manager | Аутентификация отправлена
2025-10-20 01:48:02 MSK | INFO     | User:1143354705 | websocket.websocket_manager | Подписка на приватные каналы отправлена
2025-10-20 01:48:02 MSK | INFO     | User:1143354705 | websocket.websocket_manager | Подключен к приватному WebSocket
2025-10-20 02:00:38 MSK | INFO     | User:1143354705 | websocket.websocket_manager | WebSocket переподключение: no close frame received or sent
2025-10-20 02:00:43 MSK | INFO     | User:1143354705 | websocket.websocket_manager | Подключение к приватному WebSocket: wss://stream-demo.bybit.com/v5/private
2025-10-20 02:00:44 MSK | INFO     | User:1143354705 | websocket.websocket_manager | Аутентификация отправлена
2025-10-20 02:00:44 MSK | INFO     | User:1143354705 | websocket.websocket_manager | Подписка на приватные каналы отправлена
2025-10-20 02:00:44 MSK | INFO     | User:1143354705 | websocket.websocket_manager | Подключен к приватному WebSocket
2025-10-20 02:12:38 MSK | INFO     | User:1143354705 | websocket.websocket_manager | WebSocket переподключение: no close frame received or sent
2025-10-20 02:12:43 MSK | INFO     | User:1143354705 | websocket.websocket_manager | Подключение к приватному WebSocket: wss://stream-demo.bybit.com/v5/private
2025-10-20 02:12:44 MSK | INFO     | User:1143354705 | websocket.websocket_manager | Аутентификация отправлена
2025-10-20 02:12:44 MSK | INFO     | User:1143354705 | websocket.websocket_manager | Подписка на приватные каналы отправлена
2025-10-20 02:12:44 MSK | INFO     | User:1143354705 | websocket.websocket_manager | Подключен к приватному WebSocket
2025-10-20 02:23:56 MSK | INFO     | User:1143354705 | websocket.websocket_manager | WebSocket переподключение: no close frame received or sent
2025-10-20 02:24:01 MSK | INFO     | User:1143354705 | websocket.websocket_manager | Подключение к приватному WebSocket: wss://stream-demo.bybit.com/v5/private
2025-10-20 02:24:02 MSK | INFO     | User:1143354705 | websocket.websocket_manager | Аутентификация отправлена
2025-10-20 02:24:02 MSK | INFO     | User:1143354705 | websocket.websocket_manager | Подписка на приватные каналы отправлена
2025-10-20 02:24:02 MSK | INFO     | User:1143354705 | websocket.websocket_manager | Подключен к приватному WebSocket
2025-10-20 02:36:38 MSK | INFO     | User:1143354705 | websocket.websocket_manager | WebSocket переподключение: no close frame received or sent
2025-10-20 02:36:43 MSK | INFO     | User:1143354705 | websocket.websocket_manager | Подключение к приватному WebSocket: wss://stream-demo.bybit.com/v5/private
2025-10-20 02:36:44 MSK | INFO     | User:1143354705 | websocket.websocket_manager | Аутентификация отправлена
2025-10-20 02:36:44 MSK | INFO     | User:1143354705 | websocket.websocket_manager | Подписка на приватные каналы отправлена
2025-10-20 02:36:44 MSK | INFO     | User:1143354705 | websocket.websocket_manager | Подключен к приватному WebSocket
2025-10-20 02:48:38 MSK | INFO     | User:1143354705 | websocket.websocket_manager | WebSocket переподключение: no close frame received or sent
2025-10-20 02:48:43 MSK | INFO     | User:1143354705 | websocket.websocket_manager | Подключение к приватному WebSocket: wss://stream-demo.bybit.com/v5/private
2025-10-20 02:48:43 MSK | INFO     | User:1143354705 | websocket.websocket_manager | Аутентификация отправлена
2025-10-20 02:48:43 MSK | INFO     | User:1143354705 | websocket.websocket_manager | Подписка на приватные каналы отправлена
2025-10-20 02:48:43 MSK | INFO     | User:1143354705 | websocket.websocket_manager | Подключен к приватному WebSocket
2025-10-20 02:59:56 MSK | INFO     | User:1143354705 | websocket.websocket_manager | WebSocket переподключение: no close frame received or sent
2025-10-20 03:00:01 MSK | INFO     | User:1143354705 | websocket.websocket_manager | Подключение к приватному WebSocket: wss://stream-demo.bybit.com/v5/private
2025-10-20 03:00:01 MSK | INFO     | User:1143354705 | websocket.websocket_manager | Аутентификация отправлена
2025-10-20 03:00:01 MSK | INFO     | User:1143354705 | websocket.websocket_manager | Подписка на приватные каналы отправлена
2025-10-20 03:00:01 MSK | INFO     | User:1143354705 | websocket.websocket_manager | Подключен к приватному WebSocket
2025-10-20 03:12:38 MSK | INFO     | User:1143354705 | websocket.websocket_manager | WebSocket переподключение: no close frame received or sent
2025-10-20 03:12:43 MSK | INFO     | User:1143354705 | websocket.websocket_manager | Подключение к приватному WebSocket: wss://stream-demo.bybit.com/v5/private
2025-10-20 03:12:44 MSK | INFO     | User:1143354705 | websocket.websocket_manager | Аутентификация отправлена
2025-10-20 03:12:44 MSK | INFO     | User:1143354705 | websocket.websocket_manager | Подписка на приватные каналы отправлена
2025-10-20 03:12:44 MSK | INFO     | User:1143354705 | websocket.websocket_manager | Подключен к приватному WebSocket
2025-10-20 03:24:38 MSK | INFO     | User:1143354705 | websocket.websocket_manager | WebSocket переподключение: no close frame received or sent
2025-10-20 03:24:43 MSK | INFO     | User:1143354705 | websocket.websocket_manager | Подключение к приватному WebSocket: wss://stream-demo.bybit.com/v5/private
2025-10-20 03:24:44 MSK | INFO     | User:1143354705 | websocket.websocket_manager | Аутентификация отправлена
2025-10-20 03:24:44 MSK | INFO     | User:1143354705 | websocket.websocket_manager | Подписка на приватные каналы отправлена
2025-10-20 03:24:44 MSK | INFO     | User:1143354705 | websocket.websocket_manager | Подключен к приватному WebSocket
2025-10-20 03:35:56 MSK | INFO     | User:1143354705 | websocket.websocket_manager | WebSocket переподключение: no close frame received or sent
2025-10-20 03:36:01 MSK | INFO     | User:1143354705 | websocket.websocket_manager | Подключение к приватному WebSocket: wss://stream-demo.bybit.com/v5/private
2025-10-20 03:36:02 MSK | INFO     | User:1143354705 | websocket.websocket_manager | Аутентификация отправлена
2025-10-20 03:36:02 MSK | INFO     | User:1143354705 | websocket.websocket_manager | Подписка на приватные каналы отправлена
2025-10-20 03:36:02 MSK | INFO     | User:1143354705 | websocket.websocket_manager | Подключен к приватному WebSocket
2025-10-20 03:48:38 MSK | INFO     | User:1143354705 | websocket.websocket_manager | WebSocket переподключение: no close frame received or sent
2025-10-20 03:48:43 MSK | INFO     | User:1143354705 | websocket.websocket_manager | Подключение к приватному WebSocket: wss://stream-demo.bybit.com/v5/private
2025-10-20 03:48:44 MSK | INFO     | User:1143354705 | websocket.websocket_manager | Аутентификация отправлена
2025-10-20 03:48:44 MSK | INFO     | User:1143354705 | websocket.websocket_manager | Подписка на приватные каналы отправлена
2025-10-20 03:48:44 MSK | INFO     | User:1143354705 | websocket.websocket_manager | Подключен к приватному WebSocket
2025-10-20 04:00:38 MSK | INFO     | User:1143354705 | websocket.websocket_manager | WebSocket переподключение: no close frame received or sent
2025-10-20 04:00:43 MSK | INFO     | User:1143354705 | websocket.websocket_manager | Подключение к приватному WebSocket: wss://stream-demo.bybit.com/v5/private
2025-10-20 04:00:43 MSK | INFO     | User:1143354705 | websocket.websocket_manager | Аутентификация отправлена
2025-10-20 04:00:43 MSK | INFO     | User:1143354705 | websocket.websocket_manager | Подписка на приватные каналы отправлена
2025-10-20 04:00:43 MSK | INFO     | User:1143354705 | websocket.websocket_manager | Подключен к приватному WebSocket
2025-10-20 04:11:56 MSK | INFO     | User:1143354705 | websocket.websocket_manager | WebSocket переподключение: no close frame received or sent
2025-10-20 04:12:01 MSK | INFO     | User:1143354705 | websocket.websocket_manager | Подключение к приватному WebSocket: wss://stream-demo.bybit.com/v5/private
2025-10-20 04:12:01 MSK | INFO     | User:1143354705 | websocket.websocket_manager | Аутентификация отправлена
2025-10-20 04:12:01 MSK | INFO     | User:1143354705 | websocket.websocket_manager | Подписка на приватные каналы отправлена
2025-10-20 04:12:01 MSK | INFO     | User:1143354705 | websocket.websocket_manager | Подключен к приватному WebSocket
2025-10-20 04:24:38 MSK | INFO     | User:1143354705 | websocket.websocket_manager | WebSocket переподключение: no close frame received or sent
2025-10-20 04:24:43 MSK | INFO     | User:1143354705 | websocket.websocket_manager | Подключение к приватному WebSocket: wss://stream-demo.bybit.com/v5/private
2025-10-20 04:24:43 MSK | INFO     | User:1143354705 | websocket.websocket_manager | Аутентификация отправлена
2025-10-20 04:24:43 MSK | INFO     | User:1143354705 | websocket.websocket_manager | Подписка на приватные каналы отправлена
2025-10-20 04:24:43 MSK | INFO     | User:1143354705 | websocket.websocket_manager | Подключен к приватному WebSocket
2025-10-20 04:35:56 MSK | INFO     | User:1143354705 | websocket.websocket_manager | WebSocket переподключение: no close frame received or sent
2025-10-20 04:36:01 MSK | INFO     | User:1143354705 | websocket.websocket_manager | Подключение к приватному WebSocket: wss://stream-demo.bybit.com/v5/private
2025-10-20 04:36:01 MSK | INFO     | User:1143354705 | websocket.websocket_manager | Аутентификация отправлена
2025-10-20 04:36:01 MSK | INFO     | User:1143354705 | websocket.websocket_manager | Подписка на приватные каналы отправлена
2025-10-20 04:36:01 MSK | INFO     | User:1143354705 | websocket.websocket_manager | Подключен к приватному WebSocket
2025-10-20 04:48:38 MSK | INFO     | User:1143354705 | websocket.websocket_manager | WebSocket переподключение: no close frame received or sent
2025-10-20 04:48:43 MSK | INFO     | User:1143354705 | websocket.websocket_manager | Подключение к приватному WebSocket: wss://stream-demo.bybit.com/v5/private
2025-10-20 04:48:44 MSK | INFO     | User:1143354705 | websocket.websocket_manager | Аутентификация отправлена
2025-10-20 04:48:44 MSK | INFO     | User:1143354705 | websocket.websocket_manager | Подписка на приватные каналы отправлена
2025-10-20 04:48:44 MSK | INFO     | User:1143354705 | websocket.websocket_manager | Подключен к приватному WebSocket
2025-10-20 04:59:56 MSK | INFO     | User:1143354705 | websocket.websocket_manager | WebSocket переподключение: no close frame received or sent
2025-10-20 05:00:01 MSK | INFO     | User:1143354705 | websocket.websocket_manager | Подключение к приватному WebSocket: wss://stream-demo.bybit.com/v5/private
2025-10-20 05:00:02 MSK | INFO     | User:1143354705 | websocket.websocket_manager | Аутентификация отправлена
2025-10-20 05:00:02 MSK | INFO     | User:1143354705 | websocket.websocket_manager | Подписка на приватные каналы отправлена
2025-10-20 05:00:02 MSK | INFO     | User:1143354705 | websocket.websocket_manager | Подключен к приватному WebSocket
2025-10-20 05:12:38 MSK | INFO     | User:1143354705 | websocket.websocket_manager | WebSocket переподключение: no close frame received or sent
2025-10-20 05:12:43 MSK | INFO     | User:1143354705 | websocket.websocket_manager | Подключение к приватному WebSocket: wss://stream-demo.bybit.com/v5/private
2025-10-20 05:12:44 MSK | INFO     | User:1143354705 | websocket.websocket_manager | Аутентификация отправлена
2025-10-20 05:12:44 MSK | INFO     | User:1143354705 | websocket.websocket_manager | Подписка на приватные каналы отправлена
2025-10-20 05:12:44 MSK | INFO     | User:1143354705 | websocket.websocket_manager | Подключен к приватному WebSocket
2025-10-20 05:24:38 MSK | INFO     | User:1143354705 | websocket.websocket_manager | WebSocket переподключение: no close frame received or sent
2025-10-20 05:24:43 MSK | INFO     | User:1143354705 | websocket.websocket_manager | Подключение к приватному WebSocket: wss://stream-demo.bybit.com/v5/private
2025-10-20 05:24:43 MSK | INFO     | User:1143354705 | websocket.websocket_manager | Аутентификация отправлена
2025-10-20 05:24:43 MSK | INFO     | User:1143354705 | websocket.websocket_manager | Подписка на приватные каналы отправлена
2025-10-20 05:24:43 MSK | INFO     | User:1143354705 | websocket.websocket_manager | Подключен к приватному WebSocket
2025-10-20 05:35:56 MSK | INFO     | User:1143354705 | websocket.websocket_manager | WebSocket переподключение: no close frame received or sent
2025-10-20 05:36:01 MSK | INFO     | User:1143354705 | websocket.websocket_manager | Подключение к приватному WebSocket: wss://stream-demo.bybit.com/v5/private
2025-10-20 05:36:02 MSK | INFO     | User:1143354705 | websocket.websocket_manager | Аутентификация отправлена
2025-10-20 05:36:02 MSK | INFO     | User:1143354705 | websocket.websocket_manager | Подписка на приватные каналы отправлена
2025-10-20 05:36:02 MSK | INFO     | User:1143354705 | websocket.websocket_manager | Подключен к приватному WebSocket
2025-10-20 05:48:38 MSK | INFO     | User:1143354705 | websocket.websocket_manager | WebSocket переподключение: no close frame received or sent
2025-10-20 05:48:43 MSK | INFO     | User:1143354705 | websocket.websocket_manager | Подключение к приватному WebSocket: wss://stream-demo.bybit.com/v5/private
2025-10-20 05:48:43 MSK | INFO     | User:1143354705 | websocket.websocket_manager | Аутентификация отправлена
2025-10-20 05:48:43 MSK | INFO     | User:1143354705 | websocket.websocket_manager | Подписка на приватные каналы отправлена
2025-10-20 05:48:43 MSK | INFO     | User:1143354705 | websocket.websocket_manager | Подключен к приватному WebSocket
2025-10-20 06:00:38 MSK | INFO     | User:1143354705 | websocket.websocket_manager | WebSocket переподключение: no close frame received or sent
2025-10-20 06:00:43 MSK | INFO     | User:1143354705 | websocket.websocket_manager | Подключение к приватному WebSocket: wss://stream-demo.bybit.com/v5/private
2025-10-20 06:00:44 MSK | INFO     | User:1143354705 | websocket.websocket_manager | Аутентификация отправлена
2025-10-20 06:00:44 MSK | INFO     | User:1143354705 | websocket.websocket_manager | Подписка на приватные каналы отправлена
2025-10-20 06:00:44 MSK | INFO     | User:1143354705 | websocket.websocket_manager | Подключен к приватному WebSocket
2025-10-20 06:11:56 MSK | INFO     | User:1143354705 | websocket.websocket_manager | WebSocket переподключение: no close frame received or sent
2025-10-20 06:12:01 MSK | INFO     | User:1143354705 | websocket.websocket_manager | Подключение к приватному WebSocket: wss://stream-demo.bybit.com/v5/private
2025-10-20 06:12:01 MSK | INFO     | User:1143354705 | websocket.websocket_manager | Аутентификация отправлена
2025-10-20 06:12:01 MSK | INFO     | User:1143354705 | websocket.websocket_manager | Подписка на приватные каналы отправлена
2025-10-20 06:12:01 MSK | INFO     | User:1143354705 | websocket.websocket_manager | Подключен к приватному WebSocket
2025-10-20 06:23:56 MSK | INFO     | User:1143354705 | websocket.websocket_manager | WebSocket переподключение: no close frame received or sent
2025-10-20 06:24:01 MSK | INFO     | User:1143354705 | websocket.websocket_manager | Подключение к приватному WebSocket: wss://stream-demo.bybit.com/v5/private
2025-10-20 06:24:02 MSK | INFO     | User:1143354705 | websocket.websocket_manager | Аутентификация отправлена
2025-10-20 06:24:02 MSK | INFO     | User:1143354705 | websocket.websocket_manager | Подписка на приватные каналы отправлена
2025-10-20 06:24:02 MSK | INFO     | User:1143354705 | websocket.websocket_manager | Подключен к приватному WebSocket
2025-10-20 06:36:38 MSK | INFO     | User:1143354705 | websocket.websocket_manager | WebSocket переподключение: no close frame received or sent
2025-10-20 06:36:43 MSK | INFO     | User:1143354705 | websocket.websocket_manager | Подключение к приватному WebSocket: wss://stream-demo.bybit.com/v5/private
2025-10-20 06:36:44 MSK | INFO     | User:1143354705 | websocket.websocket_manager | Аутентификация отправлена
2025-10-20 06:36:44 MSK | INFO     | User:1143354705 | websocket.websocket_manager | Подписка на приватные каналы отправлена
2025-10-20 06:36:44 MSK | INFO     | User:1143354705 | websocket.websocket_manager | Подключен к приватному WebSocket
2025-10-20 06:47:56 MSK | INFO     | User:1143354705 | websocket.websocket_manager | WebSocket переподключение: no close frame received or sent
2025-10-20 06:48:01 MSK | INFO     | User:1143354705 | websocket.websocket_manager | Подключение к приватному WebSocket: wss://stream-demo.bybit.com/v5/private
2025-10-20 06:48:02 MSK | INFO     | User:1143354705 | websocket.websocket_manager | Аутентификация отправлена
2025-10-20 06:48:02 MSK | INFO     | User:1143354705 | websocket.websocket_manager | Подписка на приватные каналы отправлена
2025-10-20 06:48:02 MSK | INFO     | User:1143354705 | websocket.websocket_manager | Подключен к приватному WebSocket
2025-10-20 07:00:38 MSK | INFO     | User:1143354705 | websocket.websocket_manager | WebSocket переподключение: no close frame received or sent
2025-10-20 07:00:43 MSK | INFO     | User:1143354705 | websocket.websocket_manager | Подключение к приватному WebSocket: wss://stream-demo.bybit.com/v5/private
2025-10-20 07:00:44 MSK | INFO     | User:1143354705 | websocket.websocket_manager | Аутентификация отправлена
2025-10-20 07:00:44 MSK | INFO     | User:1143354705 | websocket.websocket_manager | Подписка на приватные каналы отправлена
2025-10-20 07:00:44 MSK | INFO     | User:1143354705 | websocket.websocket_manager | Подключен к приватному WebSocket
2025-10-20 07:12:38 MSK | INFO     | User:1143354705 | websocket.websocket_manager | WebSocket переподключение: no close frame received or sent
2025-10-20 07:12:43 MSK | INFO     | User:1143354705 | websocket.websocket_manager | Подключение к приватному WebSocket: wss://stream-demo.bybit.com/v5/private
2025-10-20 07:12:44 MSK | INFO     | User:1143354705 | websocket.websocket_manager | Аутентификация отправлена
2025-10-20 07:12:44 MSK | INFO     | User:1143354705 | websocket.websocket_manager | Подписка на приватные каналы отправлена
2025-10-20 07:12:44 MSK | INFO     | User:1143354705 | websocket.websocket_manager | Подключен к приватному WebSocket
2025-10-20 07:23:56 MSK | INFO     | User:1143354705 | websocket.websocket_manager | WebSocket переподключение: no close frame received or sent
2025-10-20 07:24:01 MSK | INFO     | User:1143354705 | websocket.websocket_manager | Подключение к приватному WebSocket: wss://stream-demo.bybit.com/v5/private
2025-10-20 07:24:02 MSK | INFO     | User:1143354705 | websocket.websocket_manager | Аутентификация отправлена
2025-10-20 07:24:02 MSK | INFO     | User:1143354705 | websocket.websocket_manager | Подписка на приватные каналы отправлена
2025-10-20 07:24:02 MSK | INFO     | User:1143354705 | websocket.websocket_manager | Подключен к приватному WebSocket
2025-10-20 07:35:56 MSK | INFO     | User:1143354705 | websocket.websocket_manager | WebSocket переподключение: no close frame received or sent
2025-10-20 07:36:01 MSK | INFO     | User:1143354705 | websocket.websocket_manager | Подключение к приватному WebSocket: wss://stream-demo.bybit.com/v5/private
2025-10-20 07:36:02 MSK | INFO     | User:1143354705 | websocket.websocket_manager | Аутентификация отправлена
2025-10-20 07:36:02 MSK | INFO     | User:1143354705 | websocket.websocket_manager | Подписка на приватные каналы отправлена
2025-10-20 07:36:02 MSK | INFO     | User:1143354705 | websocket.websocket_manager | Подключен к приватному WebSocket
2025-10-20 07:48:05 MSK | INFO     | User:1143354705 | bot                  | Получено сообщение: /stats...
2025-10-20 07:48:05 MSK | INFO     | User:1143354705 | basic_handlers       | Команда 'stats' выполнена
2025-10-20 07:48:13 MSK | INFO     | User:1143354705 | bot                  | Получено сообщение: /autotrade_status...
2025-10-20 07:48:13 MSK | INFO     | User:1143354705 | basic_handlers       | Команда 'autotrade_status' выполнена
2025-10-20 07:48:38 MSK | INFO     | User:1143354705 | websocket.websocket_manager | WebSocket переподключение: no close frame received or sent
2025-10-20 07:48:43 MSK | INFO     | User:1143354705 | websocket.websocket_manager | Подключение к приватному WebSocket: wss://stream-demo.bybit.com/v5/private
2025-10-20 07:48:44 MSK | INFO     | User:1143354705 | websocket.websocket_manager | Аутентификация отправлена
2025-10-20 07:48:44 MSK | INFO     | User:1143354705 | websocket.websocket_manager | Подписка на приватные каналы отправлена
2025-10-20 07:48:44 MSK | INFO     | User:1143354705 | websocket.websocket_manager | Подключен к приватному WebSocket
2025-10-20 07:59:56 MSK | INFO     | User:1143354705 | websocket.websocket_manager | WebSocket переподключение: no close frame received or sent
2025-10-20 08:00:01 MSK | INFO     | User:1143354705 | websocket.websocket_manager | Подключение к приватному WebSocket: wss://stream-demo.bybit.com/v5/private
2025-10-20 08:00:02 MSK | INFO     | User:1143354705 | websocket.websocket_manager | Аутентификация отправлена
2025-10-20 08:00:02 MSK | INFO     | User:1143354705 | websocket.websocket_manager | Подписка на приватные каналы отправлена
2025-10-20 08:00:02 MSK | INFO     | User:1143354705 | websocket.websocket_manager | Подключен к приватному WebSocket
2025-10-20 08:11:56 MSK | INFO     | User:1143354705 | websocket.websocket_manager | WebSocket переподключение: no close frame received or sent
2025-10-20 08:12:01 MSK | INFO     | User:1143354705 | websocket.websocket_manager | Подключение к приватному WebSocket: wss://stream-demo.bybit.com/v5/private
2025-10-20 08:12:02 MSK | INFO     | User:1143354705 | websocket.websocket_manager | Аутентификация отправлена
2025-10-20 08:12:02 MSK | INFO     | User:1143354705 | websocket.websocket_manager | Подписка на приватные каналы отправлена
2025-10-20 08:12:02 MSK | INFO     | User:1143354705 | websocket.websocket_manager | Подключен к приватному WebSocket
2025-10-20 08:23:56 MSK | INFO     | User:1143354705 | websocket.websocket_manager | WebSocket переподключение: no close frame received or sent
2025-10-20 08:24:01 MSK | INFO     | User:1143354705 | websocket.websocket_manager | Подключение к приватному WebSocket: wss://stream-demo.bybit.com/v5/private
2025-10-20 08:24:01 MSK | INFO     | User:1143354705 | websocket.websocket_manager | Аутентификация отправлена
2025-10-20 08:24:01 MSK | INFO     | User:1143354705 | websocket.websocket_manager | Подписка на приватные каналы отправлена
2025-10-20 08:24:01 MSK | INFO     | User:1143354705 | websocket.websocket_manager | Подключен к приватному WebSocket
2025-10-20 08:36:38 MSK | INFO     | User:1143354705 | websocket.websocket_manager | WebSocket переподключение: no close frame received or sent
2025-10-20 08:36:43 MSK | INFO     | User:1143354705 | websocket.websocket_manager | Подключение к приватному WebSocket: wss://stream-demo.bybit.com/v5/private
2025-10-20 08:36:44 MSK | INFO     | User:1143354705 | websocket.websocket_manager | Аутентификация отправлена
2025-10-20 08:36:44 MSK | INFO     | User:1143354705 | websocket.websocket_manager | Подписка на приватные каналы отправлена
2025-10-20 08:36:44 MSK | INFO     | User:1143354705 | websocket.websocket_manager | Подключен к приватному WebSocket
2025-10-20 08:48:38 MSK | INFO     | User:1143354705 | websocket.websocket_manager | WebSocket переподключение: no close frame received or sent
2025-10-20 08:48:43 MSK | INFO     | User:1143354705 | websocket.websocket_manager | Подключение к приватному WebSocket: wss://stream-demo.bybit.com/v5/private
2025-10-20 08:48:44 MSK | INFO     | User:1143354705 | websocket.websocket_manager | Аутентификация отправлена
2025-10-20 08:48:44 MSK | INFO     | User:1143354705 | websocket.websocket_manager | Подписка на приватные каналы отправлена
2025-10-20 08:48:44 MSK | INFO     | User:1143354705 | websocket.websocket_manager | Подключен к приватному WebSocket
2025-10-20 08:59:56 MSK | INFO     | User:1143354705 | websocket.websocket_manager | WebSocket переподключение: no close frame received or sent
2025-10-20 09:00:01 MSK | INFO     | User:1143354705 | websocket.websocket_manager | Подключение к приватному WebSocket: wss://stream-demo.bybit.com/v5/private
2025-10-20 09:00:02 MSK | INFO     | User:1143354705 | websocket.websocket_manager | Аутентификация отправлена
2025-10-20 09:00:02 MSK | INFO     | User:1143354705 | websocket.websocket_manager | Подписка на приватные каналы отправлена
2025-10-20 09:00:02 MSK | INFO     | User:1143354705 | websocket.websocket_manager | Подключен к приватному WebSocket
2025-10-20 09:12:38 MSK | INFO     | User:1143354705 | websocket.websocket_manager | WebSocket переподключение: no close frame received or sent
2025-10-20 09:12:43 MSK | INFO     | User:1143354705 | websocket.websocket_manager | Подключение к приватному WebSocket: wss://stream-demo.bybit.com/v5/private
2025-10-20 09:12:44 MSK | INFO     | User:1143354705 | websocket.websocket_manager | Аутентификация отправлена
2025-10-20 09:12:44 MSK | INFO     | User:1143354705 | websocket.websocket_manager | Подписка на приватные каналы отправлена
2025-10-20 09:12:44 MSK | INFO     | User:1143354705 | websocket.websocket_manager | Подключен к приватному WebSocket
2025-10-20 09:24:38 MSK | INFO     | User:1143354705 | websocket.websocket_manager | WebSocket переподключение: no close frame received or sent
2025-10-20 09:24:43 MSK | INFO     | User:1143354705 | websocket.websocket_manager | Подключение к приватному WebSocket: wss://stream-demo.bybit.com/v5/private
2025-10-20 09:24:44 MSK | INFO     | User:1143354705 | websocket.websocket_manager | Аутентификация отправлена
2025-10-20 09:24:44 MSK | INFO     | User:1143354705 | websocket.websocket_manager | Подписка на приватные каналы отправлена
2025-10-20 09:24:44 MSK | INFO     | User:1143354705 | websocket.websocket_manager | Подключен к приватному WebSocket
2025-10-20 09:35:56 MSK | INFO     | User:1143354705 | websocket.websocket_manager | WebSocket переподключение: no close frame received or sent
2025-10-20 09:36:01 MSK | INFO     | User:1143354705 | websocket.websocket_manager | Подключение к приватному WebSocket: wss://stream-demo.bybit.com/v5/private
2025-10-20 09:36:01 MSK | INFO     | User:1143354705 | websocket.websocket_manager | Аутентификация отправлена
2025-10-20 09:36:01 MSK | INFO     | User:1143354705 | websocket.websocket_manager | Подписка на приватные каналы отправлена
2025-10-20 09:36:01 MSK | INFO     | User:1143354705 | websocket.websocket_manager | Подключен к приватному WebSocket
2025-10-20 09:47:56 MSK | INFO     | User:1143354705 | websocket.websocket_manager | WebSocket переподключение: no close frame received or sent
2025-10-20 09:48:01 MSK | INFO     | User:1143354705 | websocket.websocket_manager | Подключение к приватному WebSocket: wss://stream-demo.bybit.com/v5/private
2025-10-20 09:48:02 MSK | INFO     | User:1143354705 | websocket.websocket_manager | Аутентификация отправлена
2025-10-20 09:48:02 MSK | INFO     | User:1143354705 | websocket.websocket_manager | Подписка на приватные каналы отправлена
2025-10-20 09:48:02 MSK | INFO     | User:1143354705 | websocket.websocket_manager | Подключен к приватному WebSocket
2025-10-20 10:00:38 MSK | INFO     | User:1143354705 | websocket.websocket_manager | WebSocket переподключение: no close frame received or sent
2025-10-20 10:00:43 MSK | INFO     | User:1143354705 | websocket.websocket_manager | Подключение к приватному WebSocket: wss://stream-demo.bybit.com/v5/private
2025-10-20 10:00:44 MSK | INFO     | User:1143354705 | websocket.websocket_manager | Аутентификация отправлена
2025-10-20 10:00:44 MSK | INFO     | User:1143354705 | websocket.websocket_manager | Подписка на приватные каналы отправлена
2025-10-20 10:00:44 MSK | INFO     | User:1143354705 | websocket.websocket_manager | Подключен к приватному WebSocket
